[2015.09.16-13.17.36:302][  0]Log file open, 09/16/15 09:17:36
[2015.09.16-13.17.36:302][  0]LogInit:Display: Running engine for game: Lab1
[2015.09.16-13.17.36:302][  0]LogInit:Display: RandInit(-643303466) SRandInit(-643303465).
[2015.09.16-13.17.36:302][  0]LogTaskGraph: Started task graph with 4 named threads and 7 total threads.
[2015.09.16-13.17.36:302][  0]LogStats: Stats thread started at 0.158609
[2015.09.16-13.17.36:302][  0]LogInit: Version: 4.9.0-2672455+++depot+UE4-Releases+4.9
[2015.09.16-13.17.36:302][  0]LogInit: API Version: 2672455
[2015.09.16-13.17.36:302][  0]LogInit: Compiled (64-bit): Aug 28 2015 12:33:01
[2015.09.16-13.17.36:302][  0]LogInit: Compiled with Visual C++: 18.00.21005.01
[2015.09.16-13.17.36:302][  0]LogInit: Build Configuration: Development
[2015.09.16-13.17.36:302][  0]LogInit: Branch Name: ++depot+UE4-Releases+4.9
[2015.09.16-13.17.36:302][  0]LogInit: Command line: 
[2015.09.16-13.17.36:302][  0]LogInit: Base directory: C:/Program Files/Epic Games/4.9/Engine/Binaries/Win64/
[2015.09.16-13.17.36:302][  0]LogInit: Rocket: 1
[2015.09.16-13.17.36:322][  0]LogInit: Using libcurl 7.41.0
[2015.09.16-13.17.36:322][  0]LogInit:  - built for x86_64-pc-win32
[2015.09.16-13.17.36:322][  0]LogInit:  - supports SSL with WinSSL
[2015.09.16-13.17.36:322][  0]LogInit:  - other features:
[2015.09.16-13.17.36:322][  0]LogInit:      CURL_VERSION_SSL
[2015.09.16-13.17.36:322][  0]LogInit:      CURL_VERSION_IPV6
[2015.09.16-13.17.36:322][  0]LogInit:      CURL_VERSION_ASYNCHDNS
[2015.09.16-13.17.36:322][  0]LogInit:      CURL_VERSION_LARGEFILE
[2015.09.16-13.17.36:322][  0]LogInit:      CURL_VERSION_IDN
[2015.09.16-13.17.36:322][  0]LogInit:  CurlRequestOptions (configurable via config and command line):
[2015.09.16-13.17.36:322][  0]LogInit:  - bVerifyPeer = true  - Libcurl will verify peer certificate
[2015.09.16-13.17.36:322][  0]LogInit:  - bUseHttpProxy = false  - Libcurl will NOT use HTTP proxy
[2015.09.16-13.17.36:322][  0]LogInit:  - bDontReuseConnections = false  - Libcurl will reuse connections
[2015.09.16-13.17.36:322][  0]LogInit:  - CertBundlePath = nullptr  - Libcurl will use whatever was configured at build time.
[2015.09.16-13.17.36:341][  0]LogInit: Presizing for 0 objects not considered by GC, pre-allocating 0 bytes.
[2015.09.16-13.17.36:359][  0]LogInit: Object subsystem initialized
[2015.09.16-13.17.36:367][  0]LogInit: Selected Device Profile: [Windows]
[2015.09.16-13.17.36:367][  0]LogInit: Applying CVar settings loaded from the selected device profile: [Windows]
[2015.09.16-13.17.36:393][  0]LogInit: Computer: CHRISTOPHER-PC
[2015.09.16-13.17.36:393][  0]LogInit: User: Christopher
[2015.09.16-13.17.36:393][  0]LogInit: CPU Page size=4096, Cores=4
[2015.09.16-13.17.36:393][  0]LogInit: High frequency timer resolution =2.241044 MHz
[2015.09.16-13.17.36:393][  0]LogMemory: Memory total: Physical=8.0GB (8GB approx)
[2015.09.16-13.17.36:393][  0]LogMemory: Platform Memory Stats for Windows
[2015.09.16-13.17.36:393][  0]LogMemory: Process Physical Memory: 54.59 MB used, 54.59 MB peak
[2015.09.16-13.17.36:393][  0]LogMemory: Process Virtual Memory: 59.38 MB used, 59.38 MB peak
[2015.09.16-13.17.36:393][  0]LogMemory: Physical Memory: 4128.07 MB used, 8151.91 MB total
[2015.09.16-13.17.36:393][  0]LogMemory: Virtual Memory: 342.19 MB used, 8388608.00 MB total
[2015.09.16-13.17.36:518][  0]LogTextLocalizationManager: No specific translations for ('en-US') exist, so ('en') translations will be used.
[2015.09.16-13.17.38:396][  0]LogD3D11RHI: Found D3D11 adapter 0: NVIDIA GeForce GTX 660M (Feature Level 11_0)
[2015.09.16-13.17.38:396][  0]LogD3D11RHI: Adapter has 1990MB of dedicated video memory, 0MB of dedicated system memory, and 2048MB of shared system memory, 1 output[s]
[2015.09.16-13.17.38:396][  0]LogD3D11RHI: Chosen D3D11 Adapter Id = 0
[2015.09.16-13.17.38:409][  0]LogD3D11RHI: !Direct3DDevice
[2015.09.16-13.17.38:409][  0]LogRHI: Texture pool is 1361 MB (70% of 1945 MB)
[2015.09.16-13.17.38:437][  0]LogD3D11RHI: Async texture creation enabled
[2015.09.16-13.17.38:453][  0]LogShaderCompilers: Guid format shader working directory is 15 characters bigger than the processId version (../../../../../../Users/Christopher/Documents/Unreal Projects/Lab1/Intermediate/Shaders/WorkingDirectory/7292/).
[2015.09.16-13.17.38:453][  0]LogShaderCompilers: Cleaned the shader compiler working directory '../../../../../../Users/Christopher/Documents/Unreal Projects/Lab1/Intermediate/Shaders/tmp/3D80F408485453CC8EC627846335A05C/'.
[2015.09.16-13.17.38:453][  0]LogShaderCompilers:Display: Using Local Shader Compiler.
[2015.09.16-13.17.42:022][  0]LogTemp:Display: Loaded TP AllDesktopTargetPlatform
[2015.09.16-13.17.42:040][  0]LogTemp:Display: Loaded TP WindowsClientTargetPlatform
[2015.09.16-13.17.42:057][  0]LogTemp:Display: Loaded TP WindowsNoEditorTargetPlatform
[2015.09.16-13.17.42:074][  0]LogTemp:Display: Loaded TP WindowsServerTargetPlatform
[2015.09.16-13.17.42:091][  0]LogTemp:Display: Loaded TP WindowsTargetPlatform
[2015.09.16-13.17.42:106][  0]LogTemp:Display: Loaded TP AndroidTargetPlatform
[2015.09.16-13.17.42:118][  0]LogTemp:Display: Loaded TP Android_ASTCTargetPlatform
[2015.09.16-13.17.42:131][  0]LogTemp:Display: Loaded TP Android_ATCTargetPlatform
[2015.09.16-13.17.42:143][  0]LogTemp:Display: Loaded TP Android_DXTTargetPlatform
[2015.09.16-13.17.42:156][  0]LogTemp:Display: Loaded TP Android_ETC1TargetPlatform
[2015.09.16-13.17.42:169][  0]LogTemp:Display: Loaded TP Android_ETC2TargetPlatform
[2015.09.16-13.17.42:182][  0]LogTemp:Display: Loaded TP Android_PVRTCTargetPlatform
[2015.09.16-13.17.42:185][  0]LogTemp:Display: Loaded TP HTML5TargetPlatform
[2015.09.16-13.17.42:219][  0]LogTemp:Display: Loaded TP IOSTargetPlatform
[2015.09.16-13.17.42:231][  0]LogTemp:Display: Loaded TP LinuxNoEditorTargetPlatform
[2015.09.16-13.17.42:243][  0]LogTemp:Display: Loaded TP LinuxServerTargetPlatform
[2015.09.16-13.17.42:256][  0]LogTemp:Display: Loaded TP LinuxTargetPlatform
[2015.09.16-13.17.42:256][  0]LogTargetPlatformManager:Display: Building Assets For Windows
[2015.09.16-13.17.42:567][  0]LogDerivedDataCache:Display: Max Cache Size: 512 MB
[2015.09.16-13.17.42:652][  0]LogDerivedDataCache: Loaded boot cache 0.08s 41MB C:/Users/Christopher/AppData/Local/UnrealEngine/4.9/DerivedDataCache/Boot.ddc.
[2015.09.16-13.17.42:653][  0]LogDerivedDataCache:Display: Loaded Boot cache: C:/Users/Christopher/AppData/Local/UnrealEngine/4.9/DerivedDataCache/Boot.ddc
[2015.09.16-13.17.42:653][  0]LogDerivedDataCache: FDerivedDataBackendGraph:  Pak pak cache file ../../../../../../Users/Christopher/Documents/Unreal Projects/Lab1/DerivedDataCache/DDC.ddp not found, will not use a pak cache.
[2015.09.16-13.17.42:653][  0]LogDerivedDataCache: Unable to find inner node Pak for hierarchical cache Hierarchy.
[2015.09.16-13.17.42:653][  0]LogDerivedDataCache: FDerivedDataBackendGraph:  CompressedPak pak cache file ../../../../../../Users/Christopher/Documents/Unreal Projects/Lab1/DerivedDataCache/Compressed.ddp not found, will not use a pak cache.
[2015.09.16-13.17.42:653][  0]LogDerivedDataCache: Unable to find inner node CompressedPak for hierarchical cache Hierarchy.
[2015.09.16-13.17.43:072][  0]LogDerivedDataCache:Display: Pak cache opened for reading ../../../Engine/DerivedDataCache/Compressed.ddp.
[2015.09.16-13.17.43:088][  0]LogDerivedDataCache: Using Local data cache path C:/Users/Christopher/AppData/Local/UnrealEngine/Common/DerivedDataCache: Writable
[2015.09.16-13.17.43:690][  0]LogInit: Selected Device Profile: [Windows]
[2015.09.16-13.17.43:691][  0]LogContentStreaming: Texture pool size is 0.000000MB
[2015.09.16-13.17.43:769][  0]LogMeshUtilities: No automatic mesh reduction module available
[2015.09.16-13.17.43:769][  0]LogMeshUtilities: No automatic mesh merging module available
[2015.09.16-13.17.44:712][  0]LogInit: WinSock: version 1.1 (2.2), MaxSocks=32767, MaxUdp=65467
[2015.09.16-13.17.47:301][  0]UdpMessaging: Initializing bridge on interface 0.0.0.0:0 to multicast group 230.0.0.1:6666.
[2015.09.16-13.17.47:495][  0]LogAssetRegistry: FAssetRegistry took 0.0122 seconds to start up
[2015.09.16-13.17.48:039][  0]SourceControl: Info Source control is disabled
[2015.09.16-13.17.48:074][  0]SourceControl: Info Source control is disabled
[2015.09.16-13.17.48:122][  0]SourceControl: Info Source control is disabled
[2015.09.16-13.17.48:171][  0]SourceControl: Info Source control is disabled
[2015.09.16-13.17.48:787][  0]LogLinker:Warning: Asset '../../../Engine/Plugins/Runtime/LeapMotionController/Content/LM_PassthroughMaterial.uasset' has been saved with empty engine version. The asset will be loaded but may be incompatible.
[2015.09.16-13.17.49:107][  0]LogObj: 28361 objects as part of root set at end of initial load.
[2015.09.16-13.17.49:107][  0]LogUObjectAllocator: 6038864 out of 0 bytes used by permanent object pool.
[2015.09.16-13.17.49:254][  0]LogEngine: Initializing Engine...
[2015.09.16-13.17.49:267][  0]LogHMD: Can't find Oculus library dev build: is proper Runtime installed? Version: 0.6.0.0
[2015.09.16-13.17.49:270][  0]LogHMD: SteamVR failed to initialize.  Err: 110
[2015.09.16-13.17.49:633][  0]LogAIModule: Creating AISystem for world NewWorld
[2015.09.16-13.17.49:649][  0]LogInit: XAudio2 using 'Speakers (High Definition Audio Device)' : 2 channels at 44.1 kHz using 16 bits per sample (channel mask 0x3)
[2015.09.16-13.17.49:727][  0]LogInit: FAudioDevice initialized.
[2015.09.16-13.17.49:777][  0]LogDerivedDataCache: Saved boot cache 0.05s 41MB C:/Users/Christopher/AppData/Local/UnrealEngine/4.9/DerivedDataCache/Boot.ddc.
[2015.09.16-13.17.49:788][  0]LogInit: Texture streaming: Enabled
[2015.09.16-13.17.49:804][  0]LogAnalytics: Creating configured Analytics provider AnalyticsET
[2015.09.16-13.17.49:804][  0]LogAnalytics: [UEEditor.Rocket.Release] APIServer = http://et2.epicgames.com/ET2/. AppVersion = 4.9.0-2672455+++depot+UE4-Releases+4.9
[2015.09.16-13.17.49:804][  0]LogAnalytics: [UEEditor.Rocket.Release] SetUserId b977902443377388d126adadd7278296|9af6e1d0a8684431801f8d51bf5954aa|34044029-9524-4251-82a7-5c229f3f454e
[2015.09.16-13.17.49:805][  0]LogAnalytics: [UEEditor.Rocket.Release] AnalyticsET::StartSession
[2015.09.16-13.17.49:863][  0]LogInit: Transaction tracking system initialized
[2015.09.16-13.17.49:956][  0]BlueprintLog: New page: Editor Load
[2015.09.16-13.17.53:268][  0]LocalizationService: Info Localization service is disabled
[2015.09.16-13.17.53:859][  0]LogConsoleResponse:Display: 
[2015.09.16-13.17.54:179][  0]LogCook:Display: Done creating registry. It took  0.00s.
[2015.09.16-13.17.54:230][  0]LogFileCache: Scanning file cache for directory 'C:/Users/Christopher/Documents/Unreal Projects/Lab1/Content/' took 0.02s
[2015.09.16-13.17.54:401][  0]SourceControl: Info Source control is disabled
[2015.09.16-13.17.54:404][  0]LogFactory: FactoryCreateBinary: PackFactory with PackFactory (0 0 C:/Program Files/Epic Games/4.9/FeaturePacks/StarterContent.upack)
[2015.09.16-13.17.54:429][  0]LogPackFactory: Finished extracting 8 files (including 0 errors).
[2015.09.16-13.17.54:439][  0]LogPackFactory: Copied "../../../Samples/StarterContent/Content/StarterContent/Architecture/Floor_400x400.uasset" to "../../../../../../Users/Christopher/Documents/Unreal Projects/Lab1/Content/StarterContent/Architecture/Floor_400x400.uasset"
[2015.09.16-13.17.54:447][  0]LogPackFactory: Copied "../../../Samples/StarterContent/Content/StarterContent/Architecture/Pillar_50x500.uasset" to "../../../../../../Users/Christopher/Documents/Unreal Projects/Lab1/Content/StarterContent/Architecture/Pillar_50x500.uasset"
[2015.09.16-13.17.54:458][  0]LogPackFactory: Copied "../../../Samples/StarterContent/Content/StarterContent/Architecture/SM_AssetPlatform.uasset" to "../../../../../../Users/Christopher/Documents/Unreal Projects/Lab1/Content/StarterContent/Architecture/SM_AssetPlatform.uasset"
[2015.09.16-13.17.54:468][  0]LogPackFactory: Copied "../../../Samples/StarterContent/Content/StarterContent/Architecture/Wall_400x200.uasset" to "../../../../../../Users/Christopher/Documents/Unreal Projects/Lab1/Content/StarterContent/Architecture/Wall_400x200.uasset"
[2015.09.16-13.17.54:477][  0]LogPackFactory: Copied "../../../Samples/StarterContent/Content/StarterContent/Architecture/Wall_400x300.uasset" to "../../../../../../Users/Christopher/Documents/Unreal Projects/Lab1/Content/StarterContent/Architecture/Wall_400x300.uasset"
[2015.09.16-13.17.54:487][  0]LogPackFactory: Copied "../../../Samples/StarterContent/Content/StarterContent/Architecture/Wall_400x400.uasset" to "../../../../../../Users/Christopher/Documents/Unreal Projects/Lab1/Content/StarterContent/Architecture/Wall_400x400.uasset"
[2015.09.16-13.17.54:497][  0]LogPackFactory: Copied "../../../Samples/StarterContent/Content/StarterContent/Architecture/Wall_500x500.uasset" to "../../../../../../Users/Christopher/Documents/Unreal Projects/Lab1/Content/StarterContent/Architecture/Wall_500x500.uasset"
[2015.09.16-13.17.54:505][  0]LogPackFactory: Copied "../../../Samples/StarterContent/Content/StarterContent/Architecture/Wall_Door_400x300.uasset" to "../../../../../../Users/Christopher/Documents/Unreal Projects/Lab1/Content/StarterContent/Architecture/Wall_Door_400x300.uasset"
[2015.09.16-13.17.54:514][  0]LogPackFactory: Copied "../../../Samples/StarterContent/Content/StarterContent/Architecture/Wall_Door_400x400.uasset" to "../../../../../../Users/Christopher/Documents/Unreal Projects/Lab1/Content/StarterContent/Architecture/Wall_Door_400x400.uasset"
[2015.09.16-13.17.54:523][  0]LogPackFactory: Copied "../../../Samples/StarterContent/Content/StarterContent/Architecture/Wall_Window_400x300.uasset" to "../../../../../../Users/Christopher/Documents/Unreal Projects/Lab1/Content/StarterContent/Architecture/Wall_Window_400x300.uasset"
[2015.09.16-13.17.54:532][  0]LogPackFactory: Copied "../../../Samples/StarterContent/Content/StarterContent/Architecture/Wall_Window_400x400.uasset" to "../../../../../../Users/Christopher/Documents/Unreal Projects/Lab1/Content/StarterContent/Architecture/Wall_Window_400x400.uasset"
[2015.09.16-13.17.54:542][  0]LogPackFactory: Copied "../../../Samples/StarterContent/Content/StarterContent/Audio/Collapse01.uasset" to "../../../../../../Users/Christopher/Documents/Unreal Projects/Lab1/Content/StarterContent/Audio/Collapse01.uasset"
[2015.09.16-13.17.54:551][  0]LogPackFactory: Copied "../../../Samples/StarterContent/Content/StarterContent/Audio/Collapse02.uasset" to "../../../../../../Users/Christopher/Documents/Unreal Projects/Lab1/Content/StarterContent/Audio/Collapse02.uasset"
[2015.09.16-13.17.54:555][  0]LogPackFactory: Copied "../../../Samples/StarterContent/Content/StarterContent/Audio/Collapse_Cue.uasset" to "../../../../../../Users/Christopher/Documents/Unreal Projects/Lab1/Content/StarterContent/Audio/Collapse_Cue.uasset"
[2015.09.16-13.17.54:564][  0]LogPackFactory: Copied "../../../Samples/StarterContent/Content/StarterContent/Audio/Explosion01.uasset" to "../../../../../../Users/Christopher/Documents/Unreal Projects/Lab1/Content/StarterContent/Audio/Explosion01.uasset"
[2015.09.16-13.17.54:575][  0]LogPackFactory: Copied "../../../Samples/StarterContent/Content/StarterContent/Audio/Explosion02.uasset" to "../../../../../../Users/Christopher/Documents/Unreal Projects/Lab1/Content/StarterContent/Audio/Explosion02.uasset"
[2015.09.16-13.17.54:579][  0]LogPackFactory: Copied "../../../Samples/StarterContent/Content/StarterContent/Audio/Explosion_Cue.uasset" to "../../../../../../Users/Christopher/Documents/Unreal Projects/Lab1/Content/StarterContent/Audio/Explosion_Cue.uasset"
[2015.09.16-13.17.54:589][  0]LogPackFactory: Copied "../../../Samples/StarterContent/Content/StarterContent/Audio/Fire01.uasset" to "../../../../../../Users/Christopher/Documents/Unreal Projects/Lab1/Content/StarterContent/Audio/Fire01.uasset"
[2015.09.16-13.17.54:593][  0]LogPackFactory: Copied "../../../Samples/StarterContent/Content/StarterContent/Audio/Fire01_Cue.uasset" to "../../../../../../Users/Christopher/Documents/Unreal Projects/Lab1/Content/StarterContent/Audio/Fire01_Cue.uasset"
[2015.09.16-13.17.54:603][  0]LogPackFactory: Copied "../../../Samples/StarterContent/Content/StarterContent/Audio/Fire_Sparks01.uasset" to "../../../../../../Users/Christopher/Documents/Unreal Projects/Lab1/Content/StarterContent/Audio/Fire_Sparks01.uasset"
[2015.09.16-13.17.54:607][  0]LogPackFactory: Copied "../../../Samples/StarterContent/Content/StarterContent/Audio/Fire_Sparks01_Cue.uasset" to "../../../../../../Users/Christopher/Documents/Unreal Projects/Lab1/Content/StarterContent/Audio/Fire_Sparks01_Cue.uasset"
[2015.09.16-13.17.54:616][  0]LogPackFactory: Copied "../../../Samples/StarterContent/Content/StarterContent/Audio/Light01.uasset" to "../../../../../../Users/Christopher/Documents/Unreal Projects/Lab1/Content/StarterContent/Audio/Light01.uasset"
[2015.09.16-13.17.54:620][  0]LogPackFactory: Copied "../../../Samples/StarterContent/Content/StarterContent/Audio/Light01_Cue.uasset" to "../../../../../../Users/Christopher/Documents/Unreal Projects/Lab1/Content/StarterContent/Audio/Light01_Cue.uasset"
[2015.09.16-13.17.54:629][  0]LogPackFactory: Copied "../../../Samples/StarterContent/Content/StarterContent/Audio/Light02.uasset" to "../../../../../../Users/Christopher/Documents/Unreal Projects/Lab1/Content/StarterContent/Audio/Light02.uasset"
[2015.09.16-13.17.54:634][  0]LogPackFactory: Copied "../../../Samples/StarterContent/Content/StarterContent/Audio/Light02_Cue.uasset" to "../../../../../../Users/Christopher/Documents/Unreal Projects/Lab1/Content/StarterContent/Audio/Light02_Cue.uasset"
[2015.09.16-13.17.54:643][  0]LogPackFactory: Copied "../../../Samples/StarterContent/Content/StarterContent/Audio/Smoke01.uasset" to "../../../../../../Users/Christopher/Documents/Unreal Projects/Lab1/Content/StarterContent/Audio/Smoke01.uasset"
[2015.09.16-13.17.54:647][  0]LogPackFactory: Copied "../../../Samples/StarterContent/Content/StarterContent/Audio/Smoke01_Cue.uasset" to "../../../../../../Users/Christopher/Documents/Unreal Projects/Lab1/Content/StarterContent/Audio/Smoke01_Cue.uasset"
[2015.09.16-13.17.54:657][  0]LogPackFactory: Copied "../../../Samples/StarterContent/Content/StarterContent/Audio/Starter_Background_Cue.uasset" to "../../../../../../Users/Christopher/Documents/Unreal Projects/Lab1/Content/StarterContent/Audio/Starter_Background_Cue.uasset"
[2015.09.16-13.17.54:672][  0]LogPackFactory: Copied "../../../Samples/StarterContent/Content/StarterContent/Audio/Starter_Birds01.uasset" to "../../../../../../Users/Christopher/Documents/Unreal Projects/Lab1/Content/StarterContent/Audio/Starter_Birds01.uasset"
[2015.09.16-13.17.54:695][  0]LogPackFactory: Copied "../../../Samples/StarterContent/Content/StarterContent/Audio/Starter_Music01.uasset" to "../../../../../../Users/Christopher/Documents/Unreal Projects/Lab1/Content/StarterContent/Audio/Starter_Music01.uasset"
[2015.09.16-13.17.54:700][  0]LogPackFactory: Copied "../../../Samples/StarterContent/Content/StarterContent/Audio/Starter_Music_Cue.uasset" to "../../../../../../Users/Christopher/Documents/Unreal Projects/Lab1/Content/StarterContent/Audio/Starter_Music_Cue.uasset"
[2015.09.16-13.17.54:715][  0]LogPackFactory: Copied "../../../Samples/StarterContent/Content/StarterContent/Audio/Starter_Wind05.uasset" to "../../../../../../Users/Christopher/Documents/Unreal Projects/Lab1/Content/StarterContent/Audio/Starter_Wind05.uasset"
[2015.09.16-13.17.54:729][  0]LogPackFactory: Copied "../../../Samples/StarterContent/Content/StarterContent/Audio/Starter_Wind06.uasset" to "../../../../../../Users/Christopher/Documents/Unreal Projects/Lab1/Content/StarterContent/Audio/Starter_Wind06.uasset"
[2015.09.16-13.17.54:739][  0]LogPackFactory: Copied "../../../Samples/StarterContent/Content/StarterContent/Audio/Steam01.uasset" to "../../../../../../Users/Christopher/Documents/Unreal Projects/Lab1/Content/StarterContent/Audio/Steam01.uasset"
[2015.09.16-13.17.54:743][  0]LogPackFactory: Copied "../../../Samples/StarterContent/Content/StarterContent/Audio/Steam01_Cue.uasset" to "../../../../../../Users/Christopher/Documents/Unreal Projects/Lab1/Content/StarterContent/Audio/Steam01_Cue.uasset"
[2015.09.16-13.17.54:752][  0]LogPackFactory: Copied "../../../Samples/StarterContent/Content/StarterContent/Blueprints/Blueprint_CeilingLight.uasset" to "../../../../../../Users/Christopher/Documents/Unreal Projects/Lab1/Content/StarterContent/Blueprints/Blueprint_CeilingLight.uasset"
[2015.09.16-13.17.54:760][  0]LogPackFactory: Copied "../../../Samples/StarterContent/Content/StarterContent/Blueprints/Blueprint_Effect_Explosion.uasset" to "../../../../../../Users/Christopher/Documents/Unreal Projects/Lab1/Content/StarterContent/Blueprints/Blueprint_Effect_Explosion.uasset"
[2015.09.16-13.17.54:769][  0]LogPackFactory: Copied "../../../Samples/StarterContent/Content/StarterContent/Blueprints/Blueprint_Effect_Fire.uasset" to "../../../../../../Users/Christopher/Documents/Unreal Projects/Lab1/Content/StarterContent/Blueprints/Blueprint_Effect_Fire.uasset"
[2015.09.16-13.17.54:777][  0]LogPackFactory: Copied "../../../Samples/StarterContent/Content/StarterContent/Blueprints/Blueprint_Effect_Smoke.uasset" to "../../../../../../Users/Christopher/Documents/Unreal Projects/Lab1/Content/StarterContent/Blueprints/Blueprint_Effect_Smoke.uasset"
[2015.09.16-13.17.54:786][  0]LogPackFactory: Copied "../../../Samples/StarterContent/Content/StarterContent/Blueprints/Blueprint_Effect_Sparks.uasset" to "../../../../../../Users/Christopher/Documents/Unreal Projects/Lab1/Content/StarterContent/Blueprints/Blueprint_Effect_Sparks.uasset"
[2015.09.16-13.17.54:794][  0]LogPackFactory: Copied "../../../Samples/StarterContent/Content/StarterContent/Blueprints/Blueprint_Effect_Steam.uasset" to "../../../../../../Users/Christopher/Documents/Unreal Projects/Lab1/Content/StarterContent/Blueprints/Blueprint_Effect_Steam.uasset"
[2015.09.16-13.17.54:804][  0]LogPackFactory: Copied "../../../Samples/StarterContent/Content/StarterContent/Blueprints/Blueprint_WallSconce.uasset" to "../../../../../../Users/Christopher/Documents/Unreal Projects/Lab1/Content/StarterContent/Blueprints/Blueprint_WallSconce.uasset"
[2015.09.16-13.17.54:813][  0]LogPackFactory: Copied "../../../Samples/StarterContent/Content/StarterContent/Blueprints/BP_LightStudio.uasset" to "../../../../../../Users/Christopher/Documents/Unreal Projects/Lab1/Content/StarterContent/Blueprints/BP_LightStudio.uasset"
[2015.09.16-13.17.54:818][  0]LogPackFactory: Copied "../../../Samples/StarterContent/Content/StarterContent/Blueprints/Assets/FogBrightnessLUT.uasset" to "../../../../../../Users/Christopher/Documents/Unreal Projects/Lab1/Content/StarterContent/Blueprints/Assets/FogBrightnessLUT.uasset"
[2015.09.16-13.17.54:827][  0]LogPackFactory: Copied "../../../Samples/StarterContent/Content/StarterContent/Blueprints/Assets/M_LightStage_Arrows.uasset" to "../../../../../../Users/Christopher/Documents/Unreal Projects/Lab1/Content/StarterContent/Blueprints/Assets/M_LightStage_Arrows.uasset"
[2015.09.16-13.17.54:835][  0]LogPackFactory: Copied "../../../Samples/StarterContent/Content/StarterContent/Blueprints/Assets/M_LightStage_Skybox_Black.uasset" to "../../../../../../Users/Christopher/Documents/Unreal Projects/Lab1/Content/StarterContent/Blueprints/Assets/M_LightStage_Skybox_Black.uasset"
[2015.09.16-13.17.54:844][  0]LogPackFactory: Copied "../../../Samples/StarterContent/Content/StarterContent/Blueprints/Assets/M_LightStage_Skybox_HDRI.uasset" to "../../../../../../Users/Christopher/Documents/Unreal Projects/Lab1/Content/StarterContent/Blueprints/Assets/M_LightStage_Skybox_HDRI.uasset"
[2015.09.16-13.17.54:852][  0]LogPackFactory: Copied "../../../Samples/StarterContent/Content/StarterContent/Blueprints/Assets/M_LightStage_Skybox_Master.uasset" to "../../../../../../Users/Christopher/Documents/Unreal Projects/Lab1/Content/StarterContent/Blueprints/Assets/M_LightStage_Skybox_Master.uasset"
[2015.09.16-13.17.54:861][  0]LogPackFactory: Copied "../../../Samples/StarterContent/Content/StarterContent/Blueprints/Assets/Skybox.uasset" to "../../../../../../Users/Christopher/Documents/Unreal Projects/Lab1/Content/StarterContent/Blueprints/Assets/Skybox.uasset"
[2015.09.16-13.17.54:870][  0]LogPackFactory: Copied "../../../Samples/StarterContent/Content/StarterContent/Blueprints/Assets/SM_Arrows.uasset" to "../../../../../../Users/Christopher/Documents/Unreal Projects/Lab1/Content/StarterContent/Blueprints/Assets/SM_Arrows.uasset"
[2015.09.16-13.17.54:874][  0]LogPackFactory: Copied "../../../Samples/StarterContent/Content/StarterContent/Blueprints/Assets/SunlightColorLUT.uasset" to "../../../../../../Users/Christopher/Documents/Unreal Projects/Lab1/Content/StarterContent/Blueprints/Assets/SunlightColorLUT.uasset"
[2015.09.16-13.17.55:008][  0]LogPackFactory: Copied "../../../Samples/StarterContent/Content/StarterContent/HDRI/HDRI_Epic_Courtyard_Daylight.uasset" to "../../../../../../Users/Christopher/Documents/Unreal Projects/Lab1/Content/StarterContent/HDRI/HDRI_Epic_Courtyard_Daylight.uasset"
[2015.09.16-13.17.55:017][  0]LogPackFactory: Copied "../../../Samples/StarterContent/Content/StarterContent/Maps/Advanced_Lighting.umap" to "../../../../../../Users/Christopher/Documents/Unreal Projects/Lab1/Content/StarterContent/Maps/Advanced_Lighting.umap"
[2015.09.16-13.17.55:029][  0]LogPackFactory: Copied "../../../Samples/StarterContent/Content/StarterContent/Maps/Minimal_Default.umap" to "../../../../../../Users/Christopher/Documents/Unreal Projects/Lab1/Content/StarterContent/Maps/Minimal_Default.umap"
[2015.09.16-13.17.55:062][  0]LogPackFactory: Copied "../../../Samples/StarterContent/Content/StarterContent/Maps/StarterMap.umap" to "../../../../../../Users/Christopher/Documents/Unreal Projects/Lab1/Content/StarterContent/Maps/StarterMap.umap"
[2015.09.16-13.17.55:072][  0]LogPackFactory: Copied "../../../Samples/StarterContent/Content/StarterContent/Materials/M_AssetPlatform.uasset" to "../../../../../../Users/Christopher/Documents/Unreal Projects/Lab1/Content/StarterContent/Materials/M_AssetPlatform.uasset"
[2015.09.16-13.17.55:080][  0]LogPackFactory: Copied "../../../Samples/StarterContent/Content/StarterContent/Materials/M_Basic_Floor.uasset" to "../../../../../../Users/Christopher/Documents/Unreal Projects/Lab1/Content/StarterContent/Materials/M_Basic_Floor.uasset"
[2015.09.16-13.17.55:090][  0]LogPackFactory: Copied "../../../Samples/StarterContent/Content/StarterContent/Materials/M_Basic_Wall.uasset" to "../../../../../../Users/Christopher/Documents/Unreal Projects/Lab1/Content/StarterContent/Materials/M_Basic_Wall.uasset"
[2015.09.16-13.17.55:099][  0]LogPackFactory: Copied "../../../Samples/StarterContent/Content/StarterContent/Materials/M_Brick_Clay_Beveled.uasset" to "../../../../../../Users/Christopher/Documents/Unreal Projects/Lab1/Content/StarterContent/Materials/M_Brick_Clay_Beveled.uasset"
[2015.09.16-13.17.55:107][  0]LogPackFactory: Copied "../../../Samples/StarterContent/Content/StarterContent/Materials/M_Brick_Clay_New.uasset" to "../../../../../../Users/Christopher/Documents/Unreal Projects/Lab1/Content/StarterContent/Materials/M_Brick_Clay_New.uasset"
[2015.09.16-13.17.55:116][  0]LogPackFactory: Copied "../../../Samples/StarterContent/Content/StarterContent/Materials/M_Brick_Clay_Old.uasset" to "../../../../../../Users/Christopher/Documents/Unreal Projects/Lab1/Content/StarterContent/Materials/M_Brick_Clay_Old.uasset"
[2015.09.16-13.17.55:124][  0]LogPackFactory: Copied "../../../Samples/StarterContent/Content/StarterContent/Materials/M_Brick_Cut_Stone.uasset" to "../../../../../../Users/Christopher/Documents/Unreal Projects/Lab1/Content/StarterContent/Materials/M_Brick_Cut_Stone.uasset"
[2015.09.16-13.17.55:132][  0]LogPackFactory: Copied "../../../Samples/StarterContent/Content/StarterContent/Materials/M_Brick_Hewn_Stone.uasset" to "../../../../../../Users/Christopher/Documents/Unreal Projects/Lab1/Content/StarterContent/Materials/M_Brick_Hewn_Stone.uasset"
[2015.09.16-13.17.55:139][  0]LogPackFactory: Copied "../../../Samples/StarterContent/Content/StarterContent/Materials/M_Ceramic_Tile_Checker.uasset" to "../../../../../../Users/Christopher/Documents/Unreal Projects/Lab1/Content/StarterContent/Materials/M_Ceramic_Tile_Checker.uasset"
[2015.09.16-13.17.55:149][  0]LogPackFactory: Copied "../../../Samples/StarterContent/Content/StarterContent/Materials/M_CobbleStone_Pebble.uasset" to "../../../../../../Users/Christopher/Documents/Unreal Projects/Lab1/Content/StarterContent/Materials/M_CobbleStone_Pebble.uasset"
[2015.09.16-13.17.55:158][  0]LogPackFactory: Copied "../../../Samples/StarterContent/Content/StarterContent/Materials/M_CobbleStone_Rough.uasset" to "../../../../../../Users/Christopher/Documents/Unreal Projects/Lab1/Content/StarterContent/Materials/M_CobbleStone_Rough.uasset"
[2015.09.16-13.17.55:168][  0]LogPackFactory: Copied "../../../Samples/StarterContent/Content/StarterContent/Materials/M_CobbleStone_Smooth.uasset" to "../../../../../../Users/Christopher/Documents/Unreal Projects/Lab1/Content/StarterContent/Materials/M_CobbleStone_Smooth.uasset"
[2015.09.16-13.17.55:178][  0]LogPackFactory: Copied "../../../Samples/StarterContent/Content/StarterContent/Materials/M_ColorGrid_LowSpec.uasset" to "../../../../../../Users/Christopher/Documents/Unreal Projects/Lab1/Content/StarterContent/Materials/M_ColorGrid_LowSpec.uasset"
[2015.09.16-13.17.55:188][  0]LogPackFactory: Copied "../../../Samples/StarterContent/Content/StarterContent/Materials/M_Concrete_Grime.uasset" to "../../../../../../Users/Christopher/Documents/Unreal Projects/Lab1/Content/StarterContent/Materials/M_Concrete_Grime.uasset"
[2015.09.16-13.17.55:198][  0]LogPackFactory: Copied "../../../Samples/StarterContent/Content/StarterContent/Materials/M_Concrete_Panels.uasset" to "../../../../../../Users/Christopher/Documents/Unreal Projects/Lab1/Content/StarterContent/Materials/M_Concrete_Panels.uasset"
[2015.09.16-13.17.55:206][  0]LogPackFactory: Copied "../../../Samples/StarterContent/Content/StarterContent/Materials/M_Concrete_Poured.uasset" to "../../../../../../Users/Christopher/Documents/Unreal Projects/Lab1/Content/StarterContent/Materials/M_Concrete_Poured.uasset"
[2015.09.16-13.17.55:215][  0]LogPackFactory: Copied "../../../Samples/StarterContent/Content/StarterContent/Materials/M_Concrete_Tiles.uasset" to "../../../../../../Users/Christopher/Documents/Unreal Projects/Lab1/Content/StarterContent/Materials/M_Concrete_Tiles.uasset"
[2015.09.16-13.17.55:225][  0]LogPackFactory: Copied "../../../Samples/StarterContent/Content/StarterContent/Materials/M_Glass.uasset" to "../../../../../../Users/Christopher/Documents/Unreal Projects/Lab1/Content/StarterContent/Materials/M_Glass.uasset"
[2015.09.16-13.17.55:233][  0]LogPackFactory: Copied "../../../Samples/StarterContent/Content/StarterContent/Materials/M_Ground_Grass.uasset" to "../../../../../../Users/Christopher/Documents/Unreal Projects/Lab1/Content/StarterContent/Materials/M_Ground_Grass.uasset"
[2015.09.16-13.17.55:243][  0]LogPackFactory: Copied "../../../Samples/StarterContent/Content/StarterContent/Materials/M_Ground_Gravel.uasset" to "../../../../../../Users/Christopher/Documents/Unreal Projects/Lab1/Content/StarterContent/Materials/M_Ground_Gravel.uasset"
[2015.09.16-13.17.55:251][  0]LogPackFactory: Copied "../../../Samples/StarterContent/Content/StarterContent/Materials/M_Ground_Moss.uasset" to "../../../../../../Users/Christopher/Documents/Unreal Projects/Lab1/Content/StarterContent/Materials/M_Ground_Moss.uasset"
[2015.09.16-13.17.55:261][  0]LogPackFactory: Copied "../../../Samples/StarterContent/Content/StarterContent/Materials/M_Metal_Brushed_Nickel.uasset" to "../../../../../../Users/Christopher/Documents/Unreal Projects/Lab1/Content/StarterContent/Materials/M_Metal_Brushed_Nickel.uasset"
[2015.09.16-13.17.55:269][  0]LogPackFactory: Copied "../../../Samples/StarterContent/Content/StarterContent/Materials/M_Metal_Burnished_Steel.uasset" to "../../../../../../Users/Christopher/Documents/Unreal Projects/Lab1/Content/StarterContent/Materials/M_Metal_Burnished_Steel.uasset"
[2015.09.16-13.17.55:278][  0]LogPackFactory: Copied "../../../Samples/StarterContent/Content/StarterContent/Materials/M_Metal_Chrome.uasset" to "../../../../../../Users/Christopher/Documents/Unreal Projects/Lab1/Content/StarterContent/Materials/M_Metal_Chrome.uasset"
[2015.09.16-13.17.55:287][  0]LogPackFactory: Copied "../../../Samples/StarterContent/Content/StarterContent/Materials/M_Metal_Copper.uasset" to "../../../../../../Users/Christopher/Documents/Unreal Projects/Lab1/Content/StarterContent/Materials/M_Metal_Copper.uasset"
[2015.09.16-13.17.55:297][  0]LogPackFactory: Copied "../../../Samples/StarterContent/Content/StarterContent/Materials/M_Metal_Gold.uasset" to "../../../../../../Users/Christopher/Documents/Unreal Projects/Lab1/Content/StarterContent/Materials/M_Metal_Gold.uasset"
[2015.09.16-13.17.55:308][  0]LogPackFactory: Copied "../../../Samples/StarterContent/Content/StarterContent/Materials/M_Metal_Rust.uasset" to "../../../../../../Users/Christopher/Documents/Unreal Projects/Lab1/Content/StarterContent/Materials/M_Metal_Rust.uasset"
[2015.09.16-13.17.55:317][  0]LogPackFactory: Copied "../../../Samples/StarterContent/Content/StarterContent/Materials/M_Metal_Steel.uasset" to "../../../../../../Users/Christopher/Documents/Unreal Projects/Lab1/Content/StarterContent/Materials/M_Metal_Steel.uasset"
[2015.09.16-13.17.55:325][  0]LogPackFactory: Copied "../../../Samples/StarterContent/Content/StarterContent/Materials/M_Rock_Basalt.uasset" to "../../../../../../Users/Christopher/Documents/Unreal Projects/Lab1/Content/StarterContent/Materials/M_Rock_Basalt.uasset"
[2015.09.16-13.17.55:334][  0]LogPackFactory: Copied "../../../Samples/StarterContent/Content/StarterContent/Materials/M_Rock_Marble_Polished.uasset" to "../../../../../../Users/Christopher/Documents/Unreal Projects/Lab1/Content/StarterContent/Materials/M_Rock_Marble_Polished.uasset"
[2015.09.16-13.17.55:342][  0]LogPackFactory: Copied "../../../Samples/StarterContent/Content/StarterContent/Materials/M_Rock_Sandstone.uasset" to "../../../../../../Users/Christopher/Documents/Unreal Projects/Lab1/Content/StarterContent/Materials/M_Rock_Sandstone.uasset"
[2015.09.16-13.17.55:351][  0]LogPackFactory: Copied "../../../Samples/StarterContent/Content/StarterContent/Materials/M_Rock_Slate.uasset" to "../../../../../../Users/Christopher/Documents/Unreal Projects/Lab1/Content/StarterContent/Materials/M_Rock_Slate.uasset"
[2015.09.16-13.17.55:362][  0]LogPackFactory: Copied "../../../Samples/StarterContent/Content/StarterContent/Materials/M_Tech_Checker_Dot.uasset" to "../../../../../../Users/Christopher/Documents/Unreal Projects/Lab1/Content/StarterContent/Materials/M_Tech_Checker_Dot.uasset"
[2015.09.16-13.17.55:370][  0]LogPackFactory: Copied "../../../Samples/StarterContent/Content/StarterContent/Materials/M_Tech_Hex_Tile.uasset" to "../../../../../../Users/Christopher/Documents/Unreal Projects/Lab1/Content/StarterContent/Materials/M_Tech_Hex_Tile.uasset"
[2015.09.16-13.17.55:381][  0]LogPackFactory: Copied "../../../Samples/StarterContent/Content/StarterContent/Materials/M_Tech_Hex_Tile_Pulse.uasset" to "../../../../../../Users/Christopher/Documents/Unreal Projects/Lab1/Content/StarterContent/Materials/M_Tech_Hex_Tile_Pulse.uasset"
[2015.09.16-13.17.55:389][  0]LogPackFactory: Copied "../../../Samples/StarterContent/Content/StarterContent/Materials/M_Tech_Panel.uasset" to "../../../../../../Users/Christopher/Documents/Unreal Projects/Lab1/Content/StarterContent/Materials/M_Tech_Panel.uasset"
[2015.09.16-13.17.55:397][  0]LogPackFactory: Copied "../../../Samples/StarterContent/Content/StarterContent/Materials/M_Water_Lake.uasset" to "../../../../../../Users/Christopher/Documents/Unreal Projects/Lab1/Content/StarterContent/Materials/M_Water_Lake.uasset"
[2015.09.16-13.17.55:406][  0]LogPackFactory: Copied "../../../Samples/StarterContent/Content/StarterContent/Materials/M_Water_Ocean.uasset" to "../../../../../../Users/Christopher/Documents/Unreal Projects/Lab1/Content/StarterContent/Materials/M_Water_Ocean.uasset"
[2015.09.16-13.17.55:416][  0]LogPackFactory: Copied "../../../Samples/StarterContent/Content/StarterContent/Materials/M_Wood_Floor_Walnut_Polished.uasset" to "../../../../../../Users/Christopher/Documents/Unreal Projects/Lab1/Content/StarterContent/Materials/M_Wood_Floor_Walnut_Polished.uasset"
[2015.09.16-13.17.55:424][  0]LogPackFactory: Copied "../../../Samples/StarterContent/Content/StarterContent/Materials/M_Wood_Floor_Walnut_Worn.uasset" to "../../../../../../Users/Christopher/Documents/Unreal Projects/Lab1/Content/StarterContent/Materials/M_Wood_Floor_Walnut_Worn.uasset"
[2015.09.16-13.17.55:432][  0]LogPackFactory: Copied "../../../Samples/StarterContent/Content/StarterContent/Materials/M_Wood_Oak.uasset" to "../../../../../../Users/Christopher/Documents/Unreal Projects/Lab1/Content/StarterContent/Materials/M_Wood_Oak.uasset"
[2015.09.16-13.17.55:441][  0]LogPackFactory: Copied "../../../Samples/StarterContent/Content/StarterContent/Materials/M_Wood_Pine.uasset" to "../../../../../../Users/Christopher/Documents/Unreal Projects/Lab1/Content/StarterContent/Materials/M_Wood_Pine.uasset"
[2015.09.16-13.17.55:449][  0]LogPackFactory: Copied "../../../Samples/StarterContent/Content/StarterContent/Materials/M_Wood_Walnut.uasset" to "../../../../../../Users/Christopher/Documents/Unreal Projects/Lab1/Content/StarterContent/Materials/M_Wood_Walnut.uasset"
[2015.09.16-13.17.55:457][  0]LogPackFactory: Copied "../../../Samples/StarterContent/Content/StarterContent/Particles/P_Ambient_Dust.uasset" to "../../../../../../Users/Christopher/Documents/Unreal Projects/Lab1/Content/StarterContent/Particles/P_Ambient_Dust.uasset"
[2015.09.16-13.17.55:465][  0]LogPackFactory: Copied "../../../Samples/StarterContent/Content/StarterContent/Particles/P_Explosion.uasset" to "../../../../../../Users/Christopher/Documents/Unreal Projects/Lab1/Content/StarterContent/Particles/P_Explosion.uasset"
[2015.09.16-13.17.55:475][  0]LogPackFactory: Copied "../../../Samples/StarterContent/Content/StarterContent/Particles/P_Fire.uasset" to "../../../../../../Users/Christopher/Documents/Unreal Projects/Lab1/Content/StarterContent/Particles/P_Fire.uasset"
[2015.09.16-13.17.55:483][  0]LogPackFactory: Copied "../../../Samples/StarterContent/Content/StarterContent/Particles/P_Smoke.uasset" to "../../../../../../Users/Christopher/Documents/Unreal Projects/Lab1/Content/StarterContent/Particles/P_Smoke.uasset"
[2015.09.16-13.17.55:492][  0]LogPackFactory: Copied "../../../Samples/StarterContent/Content/StarterContent/Particles/P_Sparks.uasset" to "../../../../../../Users/Christopher/Documents/Unreal Projects/Lab1/Content/StarterContent/Particles/P_Sparks.uasset"
[2015.09.16-13.17.55:501][  0]LogPackFactory: Copied "../../../Samples/StarterContent/Content/StarterContent/Particles/P_Steam_Lit.uasset" to "../../../../../../Users/Christopher/Documents/Unreal Projects/Lab1/Content/StarterContent/Particles/P_Steam_Lit.uasset"
[2015.09.16-13.17.55:510][  0]LogPackFactory: Copied "../../../Samples/StarterContent/Content/StarterContent/Particles/Materials/M_Burst.uasset" to "../../../../../../Users/Christopher/Documents/Unreal Projects/Lab1/Content/StarterContent/Particles/Materials/M_Burst.uasset"
[2015.09.16-13.17.55:518][  0]LogPackFactory: Copied "../../../Samples/StarterContent/Content/StarterContent/Particles/Materials/M_Dust_Particle.uasset" to "../../../../../../Users/Christopher/Documents/Unreal Projects/Lab1/Content/StarterContent/Particles/Materials/M_Dust_Particle.uasset"
[2015.09.16-13.17.55:527][  0]LogPackFactory: Copied "../../../Samples/StarterContent/Content/StarterContent/Particles/Materials/M_explosion_subUV.uasset" to "../../../../../../Users/Christopher/Documents/Unreal Projects/Lab1/Content/StarterContent/Particles/Materials/M_explosion_subUV.uasset"
[2015.09.16-13.17.55:535][  0]LogPackFactory: Copied "../../../Samples/StarterContent/Content/StarterContent/Particles/Materials/M_Fire_SubUV.uasset" to "../../../../../../Users/Christopher/Documents/Unreal Projects/Lab1/Content/StarterContent/Particles/Materials/M_Fire_SubUV.uasset"
[2015.09.16-13.17.55:543][  0]LogPackFactory: Copied "../../../Samples/StarterContent/Content/StarterContent/Particles/Materials/m_flare_01.uasset" to "../../../../../../Users/Christopher/Documents/Unreal Projects/Lab1/Content/StarterContent/Particles/Materials/m_flare_01.uasset"
[2015.09.16-13.17.55:552][  0]LogPackFactory: Copied "../../../Samples/StarterContent/Content/StarterContent/Particles/Materials/M_Heat_Distortion.uasset" to "../../../../../../Users/Christopher/Documents/Unreal Projects/Lab1/Content/StarterContent/Particles/Materials/M_Heat_Distortion.uasset"
[2015.09.16-13.17.55:560][  0]LogPackFactory: Copied "../../../Samples/StarterContent/Content/StarterContent/Particles/Materials/M_Radial_Gradient.uasset" to "../../../../../../Users/Christopher/Documents/Unreal Projects/Lab1/Content/StarterContent/Particles/Materials/M_Radial_Gradient.uasset"
[2015.09.16-13.17.55:569][  0]LogPackFactory: Copied "../../../Samples/StarterContent/Content/StarterContent/Particles/Materials/M_radial_ramp.uasset" to "../../../../../../Users/Christopher/Documents/Unreal Projects/Lab1/Content/StarterContent/Particles/Materials/M_radial_ramp.uasset"
[2015.09.16-13.17.55:577][  0]LogPackFactory: Copied "../../../Samples/StarterContent/Content/StarterContent/Particles/Materials/M_smoke_subUV.uasset" to "../../../../../../Users/Christopher/Documents/Unreal Projects/Lab1/Content/StarterContent/Particles/Materials/M_smoke_subUV.uasset"
[2015.09.16-13.17.55:585][  0]LogPackFactory: Copied "../../../Samples/StarterContent/Content/StarterContent/Particles/Materials/M_Spark.uasset" to "../../../../../../Users/Christopher/Documents/Unreal Projects/Lab1/Content/StarterContent/Particles/Materials/M_Spark.uasset"
[2015.09.16-13.17.55:594][  0]LogPackFactory: Copied "../../../Samples/StarterContent/Content/StarterContent/Props/MaterialSphere.uasset" to "../../../../../../Users/Christopher/Documents/Unreal Projects/Lab1/Content/StarterContent/Props/MaterialSphere.uasset"
[2015.09.16-13.17.55:603][  0]LogPackFactory: Copied "../../../Samples/StarterContent/Content/StarterContent/Props/SM_Bush.uasset" to "../../../../../../Users/Christopher/Documents/Unreal Projects/Lab1/Content/StarterContent/Props/SM_Bush.uasset"
[2015.09.16-13.17.55:614][  0]LogPackFactory: Copied "../../../Samples/StarterContent/Content/StarterContent/Props/SM_Chair.uasset" to "../../../../../../Users/Christopher/Documents/Unreal Projects/Lab1/Content/StarterContent/Props/SM_Chair.uasset"
[2015.09.16-13.17.55:622][  0]LogPackFactory: Copied "../../../Samples/StarterContent/Content/StarterContent/Props/SM_CornerFrame.uasset" to "../../../../../../Users/Christopher/Documents/Unreal Projects/Lab1/Content/StarterContent/Props/SM_CornerFrame.uasset"
[2015.09.16-13.17.55:631][  0]LogPackFactory: Copied "../../../Samples/StarterContent/Content/StarterContent/Props/SM_Couch.uasset" to "../../../../../../Users/Christopher/Documents/Unreal Projects/Lab1/Content/StarterContent/Props/SM_Couch.uasset"
[2015.09.16-13.17.55:640][  0]LogPackFactory: Copied "../../../Samples/StarterContent/Content/StarterContent/Props/SM_Door.uasset" to "../../../../../../Users/Christopher/Documents/Unreal Projects/Lab1/Content/StarterContent/Props/SM_Door.uasset"
[2015.09.16-13.17.55:648][  0]LogPackFactory: Copied "../../../Samples/StarterContent/Content/StarterContent/Props/SM_DoorFrame.uasset" to "../../../../../../Users/Christopher/Documents/Unreal Projects/Lab1/Content/StarterContent/Props/SM_DoorFrame.uasset"
[2015.09.16-13.17.55:656][  0]LogPackFactory: Copied "../../../Samples/StarterContent/Content/StarterContent/Props/SM_GlassWindow.uasset" to "../../../../../../Users/Christopher/Documents/Unreal Projects/Lab1/Content/StarterContent/Props/SM_GlassWindow.uasset"
[2015.09.16-13.17.55:665][  0]LogPackFactory: Copied "../../../Samples/StarterContent/Content/StarterContent/Props/SM_Lamp_Ceiling.uasset" to "../../../../../../Users/Christopher/Documents/Unreal Projects/Lab1/Content/StarterContent/Props/SM_Lamp_Ceiling.uasset"
[2015.09.16-13.17.55:674][  0]LogPackFactory: Copied "../../../Samples/StarterContent/Content/StarterContent/Props/SM_Lamp_Wall.uasset" to "../../../../../../Users/Christopher/Documents/Unreal Projects/Lab1/Content/StarterContent/Props/SM_Lamp_Wall.uasset"
[2015.09.16-13.17.55:687][  0]LogPackFactory: Copied "../../../Samples/StarterContent/Content/StarterContent/Props/SM_MatPreviewMesh_02.uasset" to "../../../../../../Users/Christopher/Documents/Unreal Projects/Lab1/Content/StarterContent/Props/SM_MatPreviewMesh_02.uasset"
[2015.09.16-13.17.55:696][  0]LogPackFactory: Copied "../../../Samples/StarterContent/Content/StarterContent/Props/SM_PillarFrame.uasset" to "../../../../../../Users/Christopher/Documents/Unreal Projects/Lab1/Content/StarterContent/Props/SM_PillarFrame.uasset"
[2015.09.16-13.17.55:706][  0]LogPackFactory: Copied "../../../Samples/StarterContent/Content/StarterContent/Props/SM_PillarFrame300.uasset" to "../../../../../../Users/Christopher/Documents/Unreal Projects/Lab1/Content/StarterContent/Props/SM_PillarFrame300.uasset"
[2015.09.16-13.17.55:716][  0]LogPackFactory: Copied "../../../Samples/StarterContent/Content/StarterContent/Props/SM_Rock.uasset" to "../../../../../../Users/Christopher/Documents/Unreal Projects/Lab1/Content/StarterContent/Props/SM_Rock.uasset"
[2015.09.16-13.17.55:725][  0]LogPackFactory: Copied "../../../Samples/StarterContent/Content/StarterContent/Props/SM_Shelf.uasset" to "../../../../../../Users/Christopher/Documents/Unreal Projects/Lab1/Content/StarterContent/Props/SM_Shelf.uasset"
[2015.09.16-13.17.55:733][  0]LogPackFactory: Copied "../../../Samples/StarterContent/Content/StarterContent/Props/SM_Stairs.uasset" to "../../../../../../Users/Christopher/Documents/Unreal Projects/Lab1/Content/StarterContent/Props/SM_Stairs.uasset"
[2015.09.16-13.17.55:741][  0]LogPackFactory: Copied "../../../Samples/StarterContent/Content/StarterContent/Props/SM_Statue.uasset" to "../../../../../../Users/Christopher/Documents/Unreal Projects/Lab1/Content/StarterContent/Props/SM_Statue.uasset"
[2015.09.16-13.17.55:752][  0]LogPackFactory: Copied "../../../Samples/StarterContent/Content/StarterContent/Props/SM_TableRound.uasset" to "../../../../../../Users/Christopher/Documents/Unreal Projects/Lab1/Content/StarterContent/Props/SM_TableRound.uasset"
[2015.09.16-13.17.55:760][  0]LogPackFactory: Copied "../../../Samples/StarterContent/Content/StarterContent/Props/SM_WindowFrame.uasset" to "../../../../../../Users/Christopher/Documents/Unreal Projects/Lab1/Content/StarterContent/Props/SM_WindowFrame.uasset"
[2015.09.16-13.17.55:769][  0]LogPackFactory: Copied "../../../Samples/StarterContent/Content/StarterContent/Props/Materials/M_Bush.uasset" to "../../../../../../Users/Christopher/Documents/Unreal Projects/Lab1/Content/StarterContent/Props/Materials/M_Bush.uasset"
[2015.09.16-13.17.55:779][  0]LogPackFactory: Copied "../../../Samples/StarterContent/Content/StarterContent/Props/Materials/M_Chair.uasset" to "../../../../../../Users/Christopher/Documents/Unreal Projects/Lab1/Content/StarterContent/Props/Materials/M_Chair.uasset"
[2015.09.16-13.17.55:789][  0]LogPackFactory: Copied "../../../Samples/StarterContent/Content/StarterContent/Props/Materials/M_Door.uasset" to "../../../../../../Users/Christopher/Documents/Unreal Projects/Lab1/Content/StarterContent/Props/Materials/M_Door.uasset"
[2015.09.16-13.17.55:799][  0]LogPackFactory: Copied "../../../Samples/StarterContent/Content/StarterContent/Props/Materials/M_Frame.uasset" to "../../../../../../Users/Christopher/Documents/Unreal Projects/Lab1/Content/StarterContent/Props/Materials/M_Frame.uasset"
[2015.09.16-13.17.55:807][  0]LogPackFactory: Copied "../../../Samples/StarterContent/Content/StarterContent/Props/Materials/M_Lamp.uasset" to "../../../../../../Users/Christopher/Documents/Unreal Projects/Lab1/Content/StarterContent/Props/Materials/M_Lamp.uasset"
[2015.09.16-13.17.55:815][  0]LogPackFactory: Copied "../../../Samples/StarterContent/Content/StarterContent/Props/Materials/M_MaterialSphere.uasset" to "../../../../../../Users/Christopher/Documents/Unreal Projects/Lab1/Content/StarterContent/Props/Materials/M_MaterialSphere.uasset"
[2015.09.16-13.17.55:823][  0]LogPackFactory: Copied "../../../Samples/StarterContent/Content/StarterContent/Props/Materials/M_MaterialSphere_Plain.uasset" to "../../../../../../Users/Christopher/Documents/Unreal Projects/Lab1/Content/StarterContent/Props/Materials/M_MaterialSphere_Plain.uasset"
[2015.09.16-13.17.55:832][  0]LogPackFactory: Copied "../../../Samples/StarterContent/Content/StarterContent/Props/Materials/M_Rock.uasset" to "../../../../../../Users/Christopher/Documents/Unreal Projects/Lab1/Content/StarterContent/Props/Materials/M_Rock.uasset"
[2015.09.16-13.17.55:840][  0]LogPackFactory: Copied "../../../Samples/StarterContent/Content/StarterContent/Props/Materials/M_Shelf.uasset" to "../../../../../../Users/Christopher/Documents/Unreal Projects/Lab1/Content/StarterContent/Props/Materials/M_Shelf.uasset"
[2015.09.16-13.17.55:848][  0]LogPackFactory: Copied "../../../Samples/StarterContent/Content/StarterContent/Props/Materials/M_Statue.uasset" to "../../../../../../Users/Christopher/Documents/Unreal Projects/Lab1/Content/StarterContent/Props/Materials/M_Statue.uasset"
[2015.09.16-13.17.55:868][  0]LogPackFactory: Copied "../../../Samples/StarterContent/Content/StarterContent/Props/Materials/M_StatueGlass.uasset" to "../../../../../../Users/Christopher/Documents/Unreal Projects/Lab1/Content/StarterContent/Props/Materials/M_StatueGlass.uasset"
[2015.09.16-13.17.55:876][  0]LogPackFactory: Copied "../../../Samples/StarterContent/Content/StarterContent/Props/Materials/M_TableRound.uasset" to "../../../../../../Users/Christopher/Documents/Unreal Projects/Lab1/Content/StarterContent/Props/Materials/M_TableRound.uasset"
[2015.09.16-13.17.55:886][  0]LogPackFactory: Copied "../../../Samples/StarterContent/Content/StarterContent/Shapes/Shape_Cone.uasset" to "../../../../../../Users/Christopher/Documents/Unreal Projects/Lab1/Content/StarterContent/Shapes/Shape_Cone.uasset"
[2015.09.16-13.17.55:895][  0]LogPackFactory: Copied "../../../Samples/StarterContent/Content/StarterContent/Shapes/Shape_Cube.uasset" to "../../../../../../Users/Christopher/Documents/Unreal Projects/Lab1/Content/StarterContent/Shapes/Shape_Cube.uasset"
[2015.09.16-13.17.55:905][  0]LogPackFactory: Copied "../../../Samples/StarterContent/Content/StarterContent/Shapes/Shape_Cylinder.uasset" to "../../../../../../Users/Christopher/Documents/Unreal Projects/Lab1/Content/StarterContent/Shapes/Shape_Cylinder.uasset"
[2015.09.16-13.17.55:915][  0]LogPackFactory: Copied "../../../Samples/StarterContent/Content/StarterContent/Shapes/Shape_NarrowCapsule.uasset" to "../../../../../../Users/Christopher/Documents/Unreal Projects/Lab1/Content/StarterContent/Shapes/Shape_NarrowCapsule.uasset"
[2015.09.16-13.17.55:924][  0]LogPackFactory: Copied "../../../Samples/StarterContent/Content/StarterContent/Shapes/Shape_Pipe.uasset" to "../../../../../../Users/Christopher/Documents/Unreal Projects/Lab1/Content/StarterContent/Shapes/Shape_Pipe.uasset"
[2015.09.16-13.17.55:934][  0]LogPackFactory: Copied "../../../Samples/StarterContent/Content/StarterContent/Shapes/Shape_Pipe_180.uasset" to "../../../../../../Users/Christopher/Documents/Unreal Projects/Lab1/Content/StarterContent/Shapes/Shape_Pipe_180.uasset"
[2015.09.16-13.17.55:942][  0]LogPackFactory: Copied "../../../Samples/StarterContent/Content/StarterContent/Shapes/Shape_Pipe_90.uasset" to "../../../../../../Users/Christopher/Documents/Unreal Projects/Lab1/Content/StarterContent/Shapes/Shape_Pipe_90.uasset"
[2015.09.16-13.17.55:950][  0]LogPackFactory: Copied "../../../Samples/StarterContent/Content/StarterContent/Shapes/Shape_Plane.uasset" to "../../../../../../Users/Christopher/Documents/Unreal Projects/Lab1/Content/StarterContent/Shapes/Shape_Plane.uasset"
[2015.09.16-13.17.55:958][  0]LogPackFactory: Copied "../../../Samples/StarterContent/Content/StarterContent/Shapes/Shape_QuadPyramid.uasset" to "../../../../../../Users/Christopher/Documents/Unreal Projects/Lab1/Content/StarterContent/Shapes/Shape_QuadPyramid.uasset"
[2015.09.16-13.17.55:967][  0]LogPackFactory: Copied "../../../Samples/StarterContent/Content/StarterContent/Shapes/Shape_Sphere.uasset" to "../../../../../../Users/Christopher/Documents/Unreal Projects/Lab1/Content/StarterContent/Shapes/Shape_Sphere.uasset"
[2015.09.16-13.17.55:976][  0]LogPackFactory: Copied "../../../Samples/StarterContent/Content/StarterContent/Shapes/Shape_Torus.uasset" to "../../../../../../Users/Christopher/Documents/Unreal Projects/Lab1/Content/StarterContent/Shapes/Shape_Torus.uasset"
[2015.09.16-13.17.55:984][  0]LogPackFactory: Copied "../../../Samples/StarterContent/Content/StarterContent/Shapes/Shape_Trim.uasset" to "../../../../../../Users/Christopher/Documents/Unreal Projects/Lab1/Content/StarterContent/Shapes/Shape_Trim.uasset"
[2015.09.16-13.17.55:992][  0]LogPackFactory: Copied "../../../Samples/StarterContent/Content/StarterContent/Shapes/Shape_Trim_90_In.uasset" to "../../../../../../Users/Christopher/Documents/Unreal Projects/Lab1/Content/StarterContent/Shapes/Shape_Trim_90_In.uasset"
[2015.09.16-13.17.56:000][  0]LogPackFactory: Copied "../../../Samples/StarterContent/Content/StarterContent/Shapes/Shape_Trim_90_Out.uasset" to "../../../../../../Users/Christopher/Documents/Unreal Projects/Lab1/Content/StarterContent/Shapes/Shape_Trim_90_Out.uasset"
[2015.09.16-13.17.56:008][  0]LogPackFactory: Copied "../../../Samples/StarterContent/Content/StarterContent/Shapes/Shape_TriPyramid.uasset" to "../../../../../../Users/Christopher/Documents/Unreal Projects/Lab1/Content/StarterContent/Shapes/Shape_TriPyramid.uasset"
[2015.09.16-13.17.56:016][  0]LogPackFactory: Copied "../../../Samples/StarterContent/Content/StarterContent/Shapes/Shape_Tube.uasset" to "../../../../../../Users/Christopher/Documents/Unreal Projects/Lab1/Content/StarterContent/Shapes/Shape_Tube.uasset"
[2015.09.16-13.17.56:024][  0]LogPackFactory: Copied "../../../Samples/StarterContent/Content/StarterContent/Shapes/Shape_Wedge_A.uasset" to "../../../../../../Users/Christopher/Documents/Unreal Projects/Lab1/Content/StarterContent/Shapes/Shape_Wedge_A.uasset"
[2015.09.16-13.17.56:032][  0]LogPackFactory: Copied "../../../Samples/StarterContent/Content/StarterContent/Shapes/Shape_Wedge_B.uasset" to "../../../../../../Users/Christopher/Documents/Unreal Projects/Lab1/Content/StarterContent/Shapes/Shape_Wedge_B.uasset"
[2015.09.16-13.17.56:040][  0]LogPackFactory: Copied "../../../Samples/StarterContent/Content/StarterContent/Shapes/Shape_WideCapsule.uasset" to "../../../../../../Users/Christopher/Documents/Unreal Projects/Lab1/Content/StarterContent/Shapes/Shape_WideCapsule.uasset"
[2015.09.16-13.17.56:064][  0]LogPackFactory: Copied "../../../Samples/StarterContent/Content/StarterContent/Textures/T_Brick_Clay_Beveled_D.uasset" to "../../../../../../Users/Christopher/Documents/Unreal Projects/Lab1/Content/StarterContent/Textures/T_Brick_Clay_Beveled_D.uasset"
[2015.09.16-13.17.56:085][  0]LogPackFactory: Copied "../../../Samples/StarterContent/Content/StarterContent/Textures/T_Brick_Clay_Beveled_M.uasset" to "../../../../../../Users/Christopher/Documents/Unreal Projects/Lab1/Content/StarterContent/Textures/T_Brick_Clay_Beveled_M.uasset"
[2015.09.16-13.17.56:108][  0]LogPackFactory: Copied "../../../Samples/StarterContent/Content/StarterContent/Textures/T_Brick_Clay_Beveled_N.uasset" to "../../../../../../Users/Christopher/Documents/Unreal Projects/Lab1/Content/StarterContent/Textures/T_Brick_Clay_Beveled_N.uasset"
[2015.09.16-13.17.56:124][  0]LogPackFactory: Copied "../../../Samples/StarterContent/Content/StarterContent/Textures/T_Brick_Clay_New_D.uasset" to "../../../../../../Users/Christopher/Documents/Unreal Projects/Lab1/Content/StarterContent/Textures/T_Brick_Clay_New_D.uasset"
[2015.09.16-13.17.56:146][  0]LogPackFactory: Copied "../../../Samples/StarterContent/Content/StarterContent/Textures/T_Brick_Clay_New_M.uasset" to "../../../../../../Users/Christopher/Documents/Unreal Projects/Lab1/Content/StarterContent/Textures/T_Brick_Clay_New_M.uasset"
[2015.09.16-13.17.56:165][  0]LogPackFactory: Copied "../../../Samples/StarterContent/Content/StarterContent/Textures/T_Brick_Clay_New_N.uasset" to "../../../../../../Users/Christopher/Documents/Unreal Projects/Lab1/Content/StarterContent/Textures/T_Brick_Clay_New_N.uasset"
[2015.09.16-13.17.56:188][  0]LogPackFactory: Copied "../../../Samples/StarterContent/Content/StarterContent/Textures/T_Brick_Clay_Old_D.uasset" to "../../../../../../Users/Christopher/Documents/Unreal Projects/Lab1/Content/StarterContent/Textures/T_Brick_Clay_Old_D.uasset"
[2015.09.16-13.17.56:209][  0]LogPackFactory: Copied "../../../Samples/StarterContent/Content/StarterContent/Textures/T_Brick_Clay_Old_N.uasset" to "../../../../../../Users/Christopher/Documents/Unreal Projects/Lab1/Content/StarterContent/Textures/T_Brick_Clay_Old_N.uasset"
[2015.09.16-13.17.56:235][  0]LogPackFactory: Copied "../../../Samples/StarterContent/Content/StarterContent/Textures/T_Brick_Cut_Stone_D.uasset" to "../../../../../../Users/Christopher/Documents/Unreal Projects/Lab1/Content/StarterContent/Textures/T_Brick_Cut_Stone_D.uasset"
[2015.09.16-13.17.56:253][  0]LogPackFactory: Copied "../../../Samples/StarterContent/Content/StarterContent/Textures/T_Brick_Cut_Stone_N.uasset" to "../../../../../../Users/Christopher/Documents/Unreal Projects/Lab1/Content/StarterContent/Textures/T_Brick_Cut_Stone_N.uasset"
[2015.09.16-13.17.56:271][  0]LogPackFactory: Copied "../../../Samples/StarterContent/Content/StarterContent/Textures/T_Brick_Hewn_Stone_D.uasset" to "../../../../../../Users/Christopher/Documents/Unreal Projects/Lab1/Content/StarterContent/Textures/T_Brick_Hewn_Stone_D.uasset"
[2015.09.16-13.17.56:289][  0]LogPackFactory: Copied "../../../Samples/StarterContent/Content/StarterContent/Textures/T_Brick_Hewn_Stone_M.uasset" to "../../../../../../Users/Christopher/Documents/Unreal Projects/Lab1/Content/StarterContent/Textures/T_Brick_Hewn_Stone_M.uasset"
[2015.09.16-13.17.56:308][  0]LogPackFactory: Copied "../../../Samples/StarterContent/Content/StarterContent/Textures/T_Brick_Hewn_Stone_N.uasset" to "../../../../../../Users/Christopher/Documents/Unreal Projects/Lab1/Content/StarterContent/Textures/T_Brick_Hewn_Stone_N.uasset"
[2015.09.16-13.17.56:316][  0]LogPackFactory: Copied "../../../Samples/StarterContent/Content/StarterContent/Textures/T_Burst_M.uasset" to "../../../../../../Users/Christopher/Documents/Unreal Projects/Lab1/Content/StarterContent/Textures/T_Burst_M.uasset"
[2015.09.16-13.17.56:324][  0]LogPackFactory: Copied "../../../Samples/StarterContent/Content/StarterContent/Textures/T_Bush_D.uasset" to "../../../../../../Users/Christopher/Documents/Unreal Projects/Lab1/Content/StarterContent/Textures/T_Bush_D.uasset"
[2015.09.16-13.17.56:332][  0]LogPackFactory: Copied "../../../Samples/StarterContent/Content/StarterContent/Textures/T_Bush_N.uasset" to "../../../../../../Users/Christopher/Documents/Unreal Projects/Lab1/Content/StarterContent/Textures/T_Bush_N.uasset"
[2015.09.16-13.17.56:410][  0]LogPackFactory: Copied "../../../Samples/StarterContent/Content/StarterContent/Textures/T_Ceramic_Tile_M.uasset" to "../../../../../../Users/Christopher/Documents/Unreal Projects/Lab1/Content/StarterContent/Textures/T_Ceramic_Tile_M.uasset"
[2015.09.16-13.17.56:418][  0]LogPackFactory: Copied "../../../Samples/StarterContent/Content/StarterContent/Textures/T_Ceramic_Tile_N.uasset" to "../../../../../../Users/Christopher/Documents/Unreal Projects/Lab1/Content/StarterContent/Textures/T_Ceramic_Tile_N.uasset"
[2015.09.16-13.17.56:426][  0]LogPackFactory: Copied "../../../Samples/StarterContent/Content/StarterContent/Textures/T_Chair_M.uasset" to "../../../../../../Users/Christopher/Documents/Unreal Projects/Lab1/Content/StarterContent/Textures/T_Chair_M.uasset"
[2015.09.16-13.17.56:436][  0]LogPackFactory: Copied "../../../Samples/StarterContent/Content/StarterContent/Textures/T_Chair_N.uasset" to "../../../../../../Users/Christopher/Documents/Unreal Projects/Lab1/Content/StarterContent/Textures/T_Chair_N.uasset"
[2015.09.16-13.17.56:444][  0]LogPackFactory: Copied "../../../Samples/StarterContent/Content/StarterContent/Textures/T_Checker_Noise_M.uasset" to "../../../../../../Users/Christopher/Documents/Unreal Projects/Lab1/Content/StarterContent/Textures/T_Checker_Noise_M.uasset"
[2015.09.16-13.17.56:469][  0]LogPackFactory: Copied "../../../Samples/StarterContent/Content/StarterContent/Textures/T_CobbleStone_Pebble_D.uasset" to "../../../../../../Users/Christopher/Documents/Unreal Projects/Lab1/Content/StarterContent/Textures/T_CobbleStone_Pebble_D.uasset"
[2015.09.16-13.17.56:553][  0]LogPackFactory: Copied "../../../Samples/StarterContent/Content/StarterContent/Textures/T_CobbleStone_Pebble_M.uasset" to "../../../../../../Users/Christopher/Documents/Unreal Projects/Lab1/Content/StarterContent/Textures/T_CobbleStone_Pebble_M.uasset"
[2015.09.16-13.17.56:579][  0]LogPackFactory: Copied "../../../Samples/StarterContent/Content/StarterContent/Textures/T_CobbleStone_Pebble_N.uasset" to "../../../../../../Users/Christopher/Documents/Unreal Projects/Lab1/Content/StarterContent/Textures/T_CobbleStone_Pebble_N.uasset"
[2015.09.16-13.17.56:592][  0]LogPackFactory: Copied "../../../Samples/StarterContent/Content/StarterContent/Textures/T_CobbleStone_Rough_D.uasset" to "../../../../../../Users/Christopher/Documents/Unreal Projects/Lab1/Content/StarterContent/Textures/T_CobbleStone_Rough_D.uasset"
[2015.09.16-13.17.56:606][  0]LogPackFactory: Copied "../../../Samples/StarterContent/Content/StarterContent/Textures/T_CobbleStone_Rough_N.uasset" to "../../../../../../Users/Christopher/Documents/Unreal Projects/Lab1/Content/StarterContent/Textures/T_CobbleStone_Rough_N.uasset"
[2015.09.16-13.17.56:622][  0]LogPackFactory: Copied "../../../Samples/StarterContent/Content/StarterContent/Textures/T_CobbleStone_Smooth_D.uasset" to "../../../../../../Users/Christopher/Documents/Unreal Projects/Lab1/Content/StarterContent/Textures/T_CobbleStone_Smooth_D.uasset"
[2015.09.16-13.17.56:637][  0]LogPackFactory: Copied "../../../Samples/StarterContent/Content/StarterContent/Textures/T_CobbleStone_Smooth_M.uasset" to "../../../../../../Users/Christopher/Documents/Unreal Projects/Lab1/Content/StarterContent/Textures/T_CobbleStone_Smooth_M.uasset"
[2015.09.16-13.17.56:656][  0]LogPackFactory: Copied "../../../Samples/StarterContent/Content/StarterContent/Textures/T_CobbleStone_Smooth_N.uasset" to "../../../../../../Users/Christopher/Documents/Unreal Projects/Lab1/Content/StarterContent/Textures/T_CobbleStone_Smooth_N.uasset"
[2015.09.16-13.17.56:680][  0]LogPackFactory: Copied "../../../Samples/StarterContent/Content/StarterContent/Textures/T_Concrete_Grime_D.uasset" to "../../../../../../Users/Christopher/Documents/Unreal Projects/Lab1/Content/StarterContent/Textures/T_Concrete_Grime_D.uasset"
[2015.09.16-13.17.56:700][  0]LogPackFactory: Copied "../../../Samples/StarterContent/Content/StarterContent/Textures/T_Concrete_Panels_D.uasset" to "../../../../../../Users/Christopher/Documents/Unreal Projects/Lab1/Content/StarterContent/Textures/T_Concrete_Panels_D.uasset"
[2015.09.16-13.17.56:716][  0]LogPackFactory: Copied "../../../Samples/StarterContent/Content/StarterContent/Textures/T_Concrete_Panels_N.uasset" to "../../../../../../Users/Christopher/Documents/Unreal Projects/Lab1/Content/StarterContent/Textures/T_Concrete_Panels_N.uasset"
[2015.09.16-13.17.56:739][  0]LogPackFactory: Copied "../../../Samples/StarterContent/Content/StarterContent/Textures/T_Concrete_Poured_D.uasset" to "../../../../../../Users/Christopher/Documents/Unreal Projects/Lab1/Content/StarterContent/Textures/T_Concrete_Poured_D.uasset"
[2015.09.16-13.17.56:756][  0]LogPackFactory: Copied "../../../Samples/StarterContent/Content/StarterContent/Textures/T_Concrete_Poured_N.uasset" to "../../../../../../Users/Christopher/Documents/Unreal Projects/Lab1/Content/StarterContent/Textures/T_Concrete_Poured_N.uasset"
[2015.09.16-13.17.56:772][  0]LogPackFactory: Copied "../../../Samples/StarterContent/Content/StarterContent/Textures/T_Concrete_Tiles_D.uasset" to "../../../../../../Users/Christopher/Documents/Unreal Projects/Lab1/Content/StarterContent/Textures/T_Concrete_Tiles_D.uasset"
[2015.09.16-13.17.56:788][  0]LogPackFactory: Copied "../../../Samples/StarterContent/Content/StarterContent/Textures/T_Concrete_Tiles_M.uasset" to "../../../../../../Users/Christopher/Documents/Unreal Projects/Lab1/Content/StarterContent/Textures/T_Concrete_Tiles_M.uasset"
[2015.09.16-13.17.56:804][  0]LogPackFactory: Copied "../../../Samples/StarterContent/Content/StarterContent/Textures/T_Concrete_Tiles_N.uasset" to "../../../../../../Users/Christopher/Documents/Unreal Projects/Lab1/Content/StarterContent/Textures/T_Concrete_Tiles_N.uasset"
[2015.09.16-13.17.56:807][  0]LogPackFactory: Copied "../../../Samples/StarterContent/Content/StarterContent/Textures/T_Concrete_Tiles_Variation_M.uasset" to "../../../../../../Users/Christopher/Documents/Unreal Projects/Lab1/Content/StarterContent/Textures/T_Concrete_Tiles_Variation_M.uasset"
[2015.09.16-13.17.56:819][  0]LogPackFactory: Copied "../../../Samples/StarterContent/Content/StarterContent/Textures/T_Detail_Rocky_N.uasset" to "../../../../../../Users/Christopher/Documents/Unreal Projects/Lab1/Content/StarterContent/Textures/T_Detail_Rocky_N.uasset"
[2015.09.16-13.17.56:827][  0]LogPackFactory: Copied "../../../Samples/StarterContent/Content/StarterContent/Textures/T_Door_M.uasset" to "../../../../../../Users/Christopher/Documents/Unreal Projects/Lab1/Content/StarterContent/Textures/T_Door_M.uasset"
[2015.09.16-13.17.56:836][  0]LogPackFactory: Copied "../../../Samples/StarterContent/Content/StarterContent/Textures/T_Door_N.uasset" to "../../../../../../Users/Christopher/Documents/Unreal Projects/Lab1/Content/StarterContent/Textures/T_Door_N.uasset"
[2015.09.16-13.17.56:843][  0]LogPackFactory: Copied "../../../Samples/StarterContent/Content/StarterContent/Textures/T_Dust_Particle_D.uasset" to "../../../../../../Users/Christopher/Documents/Unreal Projects/Lab1/Content/StarterContent/Textures/T_Dust_Particle_D.uasset"
[2015.09.16-13.17.56:856][  0]LogPackFactory: Copied "../../../Samples/StarterContent/Content/StarterContent/Textures/T_Explosion_SubUV.uasset" to "../../../../../../Users/Christopher/Documents/Unreal Projects/Lab1/Content/StarterContent/Textures/T_Explosion_SubUV.uasset"
[2015.09.16-13.17.56:883][  0]LogPackFactory: Copied "../../../Samples/StarterContent/Content/StarterContent/Textures/T_Fire_SubUV.uasset" to "../../../../../../Users/Christopher/Documents/Unreal Projects/Lab1/Content/StarterContent/Textures/T_Fire_SubUV.uasset"
[2015.09.16-13.17.56:893][  0]LogPackFactory: Copied "../../../Samples/StarterContent/Content/StarterContent/Textures/T_Fire_Tiled_D.uasset" to "../../../../../../Users/Christopher/Documents/Unreal Projects/Lab1/Content/StarterContent/Textures/T_Fire_Tiled_D.uasset"
[2015.09.16-13.17.56:903][  0]LogPackFactory: Copied "../../../Samples/StarterContent/Content/StarterContent/Textures/T_Frame_M.uasset" to "../../../../../../Users/Christopher/Documents/Unreal Projects/Lab1/Content/StarterContent/Textures/T_Frame_M.uasset"
[2015.09.16-13.17.56:913][  0]LogPackFactory: Copied "../../../Samples/StarterContent/Content/StarterContent/Textures/T_Frame_N.uasset" to "../../../../../../Users/Christopher/Documents/Unreal Projects/Lab1/Content/StarterContent/Textures/T_Frame_N.uasset"
[2015.09.16-13.17.56:916][  0]LogPackFactory: Copied "../../../Samples/StarterContent/Content/StarterContent/Textures/T_Gradinet_01.uasset" to "../../../../../../Users/Christopher/Documents/Unreal Projects/Lab1/Content/StarterContent/Textures/T_Gradinet_01.uasset"
[2015.09.16-13.17.56:939][  0]LogPackFactory: Copied "../../../Samples/StarterContent/Content/StarterContent/Textures/T_Ground_Grass_D.uasset" to "../../../../../../Users/Christopher/Documents/Unreal Projects/Lab1/Content/StarterContent/Textures/T_Ground_Grass_D.uasset"
[2015.09.16-13.17.56:963][  0]LogPackFactory: Copied "../../../Samples/StarterContent/Content/StarterContent/Textures/T_Ground_Grass_N.uasset" to "../../../../../../Users/Christopher/Documents/Unreal Projects/Lab1/Content/StarterContent/Textures/T_Ground_Grass_N.uasset"
[2015.09.16-13.17.56:985][  0]LogPackFactory: Copied "../../../Samples/StarterContent/Content/StarterContent/Textures/T_Ground_Gravel_D.uasset" to "../../../../../../Users/Christopher/Documents/Unreal Projects/Lab1/Content/StarterContent/Textures/T_Ground_Gravel_D.uasset"
[2015.09.16-13.17.57:003][  0]LogPackFactory: Copied "../../../Samples/StarterContent/Content/StarterContent/Textures/T_Ground_Gravel_N.uasset" to "../../../../../../Users/Christopher/Documents/Unreal Projects/Lab1/Content/StarterContent/Textures/T_Ground_Gravel_N.uasset"
[2015.09.16-13.17.57:028][  0]LogPackFactory: Copied "../../../Samples/StarterContent/Content/StarterContent/Textures/T_ground_Moss_D.uasset" to "../../../../../../Users/Christopher/Documents/Unreal Projects/Lab1/Content/StarterContent/Textures/T_ground_Moss_D.uasset"
[2015.09.16-13.17.57:048][  0]LogPackFactory: Copied "../../../Samples/StarterContent/Content/StarterContent/Textures/T_Ground_Moss_N.uasset" to "../../../../../../Users/Christopher/Documents/Unreal Projects/Lab1/Content/StarterContent/Textures/T_Ground_Moss_N.uasset"
[2015.09.16-13.17.57:056][  0]LogPackFactory: Copied "../../../Samples/StarterContent/Content/StarterContent/Textures/T_Lamp_M.uasset" to "../../../../../../Users/Christopher/Documents/Unreal Projects/Lab1/Content/StarterContent/Textures/T_Lamp_M.uasset"
[2015.09.16-13.17.57:068][  0]LogPackFactory: Copied "../../../Samples/StarterContent/Content/StarterContent/Textures/T_Lamp_N.uasset" to "../../../../../../Users/Christopher/Documents/Unreal Projects/Lab1/Content/StarterContent/Textures/T_Lamp_N.uasset"
[2015.09.16-13.17.57:092][  0]LogPackFactory: Copied "../../../Samples/StarterContent/Content/StarterContent/Textures/T_MacroVariation.uasset" to "../../../../../../Users/Christopher/Documents/Unreal Projects/Lab1/Content/StarterContent/Textures/T_MacroVariation.uasset"
[2015.09.16-13.17.57:113][  0]LogPackFactory: Copied "../../../Samples/StarterContent/Content/StarterContent/Textures/T_Metal_Aluminum_D.uasset" to "../../../../../../Users/Christopher/Documents/Unreal Projects/Lab1/Content/StarterContent/Textures/T_Metal_Aluminum_D.uasset"
[2015.09.16-13.17.57:133][  0]LogPackFactory: Copied "../../../Samples/StarterContent/Content/StarterContent/Textures/T_Metal_Copper_D.uasset" to "../../../../../../Users/Christopher/Documents/Unreal Projects/Lab1/Content/StarterContent/Textures/T_Metal_Copper_D.uasset"
[2015.09.16-13.17.57:153][  0]LogPackFactory: Copied "../../../Samples/StarterContent/Content/StarterContent/Textures/T_Metal_Gold_D.uasset" to "../../../../../../Users/Christopher/Documents/Unreal Projects/Lab1/Content/StarterContent/Textures/T_Metal_Gold_D.uasset"
[2015.09.16-13.17.57:179][  0]LogPackFactory: Copied "../../../Samples/StarterContent/Content/StarterContent/Textures/T_Metal_Gold_N.uasset" to "../../../../../../Users/Christopher/Documents/Unreal Projects/Lab1/Content/StarterContent/Textures/T_Metal_Gold_N.uasset"
[2015.09.16-13.17.57:199][  0]LogPackFactory: Copied "../../../Samples/StarterContent/Content/StarterContent/Textures/T_Metal_Rust_D.uasset" to "../../../../../../Users/Christopher/Documents/Unreal Projects/Lab1/Content/StarterContent/Textures/T_Metal_Rust_D.uasset"
[2015.09.16-13.17.57:217][  0]LogPackFactory: Copied "../../../Samples/StarterContent/Content/StarterContent/Textures/T_Metal_Rust_N.uasset" to "../../../../../../Users/Christopher/Documents/Unreal Projects/Lab1/Content/StarterContent/Textures/T_Metal_Rust_N.uasset"
[2015.09.16-13.17.57:230][  0]LogPackFactory: Copied "../../../Samples/StarterContent/Content/StarterContent/Textures/T_Metal_Steel_D.uasset" to "../../../../../../Users/Christopher/Documents/Unreal Projects/Lab1/Content/StarterContent/Textures/T_Metal_Steel_D.uasset"
[2015.09.16-13.17.57:244][  0]LogPackFactory: Copied "../../../Samples/StarterContent/Content/StarterContent/Textures/T_Metal_Steel_N.uasset" to "../../../../../../Users/Christopher/Documents/Unreal Projects/Lab1/Content/StarterContent/Textures/T_Metal_Steel_N.uasset"
[2015.09.16-13.17.57:263][  0]LogPackFactory: Copied "../../../Samples/StarterContent/Content/StarterContent/Textures/T_Perlin_Noise_M.uasset" to "../../../../../../Users/Christopher/Documents/Unreal Projects/Lab1/Content/StarterContent/Textures/T_Perlin_Noise_M.uasset"
[2015.09.16-13.17.57:274][  0]LogPackFactory: Copied "../../../Samples/StarterContent/Content/StarterContent/Textures/T_RockMesh_M.uasset" to "../../../../../../Users/Christopher/Documents/Unreal Projects/Lab1/Content/StarterContent/Textures/T_RockMesh_M.uasset"
[2015.09.16-13.17.57:289][  0]LogPackFactory: Copied "../../../Samples/StarterContent/Content/StarterContent/Textures/T_RockMesh_N.uasset" to "../../../../../../Users/Christopher/Documents/Unreal Projects/Lab1/Content/StarterContent/Textures/T_RockMesh_N.uasset"
[2015.09.16-13.17.57:309][  0]LogPackFactory: Copied "../../../Samples/StarterContent/Content/StarterContent/Textures/T_Rock_Basalt_D.uasset" to "../../../../../../Users/Christopher/Documents/Unreal Projects/Lab1/Content/StarterContent/Textures/T_Rock_Basalt_D.uasset"
[2015.09.16-13.17.57:328][  0]LogPackFactory: Copied "../../../Samples/StarterContent/Content/StarterContent/Textures/T_Rock_Basalt_N.uasset" to "../../../../../../Users/Christopher/Documents/Unreal Projects/Lab1/Content/StarterContent/Textures/T_Rock_Basalt_N.uasset"
[2015.09.16-13.17.57:343][  0]LogPackFactory: Copied "../../../Samples/StarterContent/Content/StarterContent/Textures/T_Rock_Marble_Polished_D.uasset" to "../../../../../../Users/Christopher/Documents/Unreal Projects/Lab1/Content/StarterContent/Textures/T_Rock_Marble_Polished_D.uasset"
[2015.09.16-13.17.57:364][  0]LogPackFactory: Copied "../../../Samples/StarterContent/Content/StarterContent/Textures/T_Rock_Sandstone_D.uasset" to "../../../../../../Users/Christopher/Documents/Unreal Projects/Lab1/Content/StarterContent/Textures/T_Rock_Sandstone_D.uasset"
[2015.09.16-13.17.57:384][  0]LogPackFactory: Copied "../../../Samples/StarterContent/Content/StarterContent/Textures/T_Rock_Sandstone_N.uasset" to "../../../../../../Users/Christopher/Documents/Unreal Projects/Lab1/Content/StarterContent/Textures/T_Rock_Sandstone_N.uasset"
[2015.09.16-13.17.57:409][  0]LogPackFactory: Copied "../../../Samples/StarterContent/Content/StarterContent/Textures/T_Rock_Slate_D.uasset" to "../../../../../../Users/Christopher/Documents/Unreal Projects/Lab1/Content/StarterContent/Textures/T_Rock_Slate_D.uasset"
[2015.09.16-13.17.57:430][  0]LogPackFactory: Copied "../../../Samples/StarterContent/Content/StarterContent/Textures/T_Rock_Slate_N.uasset" to "../../../../../../Users/Christopher/Documents/Unreal Projects/Lab1/Content/StarterContent/Textures/T_Rock_Slate_N.uasset"
[2015.09.16-13.17.57:450][  0]LogPackFactory: Copied "../../../Samples/StarterContent/Content/StarterContent/Textures/T_Rock_Smooth_Granite_D.uasset" to "../../../../../../Users/Christopher/Documents/Unreal Projects/Lab1/Content/StarterContent/Textures/T_Rock_Smooth_Granite_D.uasset"
[2015.09.16-13.17.57:458][  0]LogPackFactory: Copied "../../../Samples/StarterContent/Content/StarterContent/Textures/T_Shelf_M.uasset" to "../../../../../../Users/Christopher/Documents/Unreal Projects/Lab1/Content/StarterContent/Textures/T_Shelf_M.uasset"
[2015.09.16-13.17.57:469][  0]LogPackFactory: Copied "../../../Samples/StarterContent/Content/StarterContent/Textures/T_Shelf_N.uasset" to "../../../../../../Users/Christopher/Documents/Unreal Projects/Lab1/Content/StarterContent/Textures/T_Shelf_N.uasset"
[2015.09.16-13.17.57:473][  0]LogPackFactory: Copied "../../../Samples/StarterContent/Content/StarterContent/Textures/T_Single_Tile_N.uasset" to "../../../../../../Users/Christopher/Documents/Unreal Projects/Lab1/Content/StarterContent/Textures/T_Single_Tile_N.uasset"
[2015.09.16-13.17.57:495][  0]LogPackFactory: Copied "../../../Samples/StarterContent/Content/StarterContent/Textures/T_Smoke_SubUV.uasset" to "../../../../../../Users/Christopher/Documents/Unreal Projects/Lab1/Content/StarterContent/Textures/T_Smoke_SubUV.uasset"
[2015.09.16-13.17.57:504][  0]LogPackFactory: Copied "../../../Samples/StarterContent/Content/StarterContent/Textures/T_Smoke_Tiled_D.uasset" to "../../../../../../Users/Christopher/Documents/Unreal Projects/Lab1/Content/StarterContent/Textures/T_Smoke_Tiled_D.uasset"
[2015.09.16-13.17.57:519][  0]LogPackFactory: Copied "../../../Samples/StarterContent/Content/StarterContent/Textures/T_Spark_Core.uasset" to "../../../../../../Users/Christopher/Documents/Unreal Projects/Lab1/Content/StarterContent/Textures/T_Spark_Core.uasset"
[2015.09.16-13.17.57:529][  0]LogPackFactory: Copied "../../../Samples/StarterContent/Content/StarterContent/Textures/T_Statue_M.uasset" to "../../../../../../Users/Christopher/Documents/Unreal Projects/Lab1/Content/StarterContent/Textures/T_Statue_M.uasset"
[2015.09.16-13.17.57:539][  0]LogPackFactory: Copied "../../../Samples/StarterContent/Content/StarterContent/Textures/T_Statue_N.uasset" to "../../../../../../Users/Christopher/Documents/Unreal Projects/Lab1/Content/StarterContent/Textures/T_Statue_N.uasset"
[2015.09.16-13.17.57:550][  0]LogPackFactory: Copied "../../../Samples/StarterContent/Content/StarterContent/Textures/T_TableRound_M.uasset" to "../../../../../../Users/Christopher/Documents/Unreal Projects/Lab1/Content/StarterContent/Textures/T_TableRound_M.uasset"
[2015.09.16-13.17.57:561][  0]LogPackFactory: Copied "../../../Samples/StarterContent/Content/StarterContent/Textures/T_TableRound_N.uasset" to "../../../../../../Users/Christopher/Documents/Unreal Projects/Lab1/Content/StarterContent/Textures/T_TableRound_N.uasset"
[2015.09.16-13.17.57:570][  0]LogPackFactory: Copied "../../../Samples/StarterContent/Content/StarterContent/Textures/T_Tech_Dot_M.uasset" to "../../../../../../Users/Christopher/Documents/Unreal Projects/Lab1/Content/StarterContent/Textures/T_Tech_Dot_M.uasset"
[2015.09.16-13.17.57:580][  0]LogPackFactory: Copied "../../../Samples/StarterContent/Content/StarterContent/Textures/T_Tech_Dot_N.uasset" to "../../../../../../Users/Christopher/Documents/Unreal Projects/Lab1/Content/StarterContent/Textures/T_Tech_Dot_N.uasset"
[2015.09.16-13.17.57:589][  0]LogPackFactory: Copied "../../../Samples/StarterContent/Content/StarterContent/Textures/T_Tech_Hex_Tile_M.uasset" to "../../../../../../Users/Christopher/Documents/Unreal Projects/Lab1/Content/StarterContent/Textures/T_Tech_Hex_Tile_M.uasset"
[2015.09.16-13.17.57:599][  0]LogPackFactory: Copied "../../../Samples/StarterContent/Content/StarterContent/Textures/T_Tech_Hex_Tile_N.uasset" to "../../../../../../Users/Christopher/Documents/Unreal Projects/Lab1/Content/StarterContent/Textures/T_Tech_Hex_Tile_N.uasset"
[2015.09.16-13.17.57:609][  0]LogPackFactory: Copied "../../../Samples/StarterContent/Content/StarterContent/Textures/T_Tech_Panel_M.uasset" to "../../../../../../Users/Christopher/Documents/Unreal Projects/Lab1/Content/StarterContent/Textures/T_Tech_Panel_M.uasset"
[2015.09.16-13.17.57:621][  0]LogPackFactory: Copied "../../../Samples/StarterContent/Content/StarterContent/Textures/T_Tech_Panel_N.uasset" to "../../../../../../Users/Christopher/Documents/Unreal Projects/Lab1/Content/StarterContent/Textures/T_Tech_Panel_N.uasset"
[2015.09.16-13.17.57:634][  0]LogPackFactory: Copied "../../../Samples/StarterContent/Content/StarterContent/Textures/T_Water_M.uasset" to "../../../../../../Users/Christopher/Documents/Unreal Projects/Lab1/Content/StarterContent/Textures/T_Water_M.uasset"
[2015.09.16-13.17.57:646][  0]LogPackFactory: Copied "../../../Samples/StarterContent/Content/StarterContent/Textures/T_Water_N.uasset" to "../../../../../../Users/Christopher/Documents/Unreal Projects/Lab1/Content/StarterContent/Textures/T_Water_N.uasset"
[2015.09.16-13.17.57:662][  0]LogPackFactory: Copied "../../../Samples/StarterContent/Content/StarterContent/Textures/T_Wood_Floor_Walnut_D.uasset" to "../../../../../../Users/Christopher/Documents/Unreal Projects/Lab1/Content/StarterContent/Textures/T_Wood_Floor_Walnut_D.uasset"
[2015.09.16-13.17.57:696][  0]LogPackFactory: Copied "../../../Samples/StarterContent/Content/StarterContent/Textures/T_Wood_Floor_Walnut_M.uasset" to "../../../../../../Users/Christopher/Documents/Unreal Projects/Lab1/Content/StarterContent/Textures/T_Wood_Floor_Walnut_M.uasset"
[2015.09.16-13.17.57:709][  0]LogPackFactory: Copied "../../../Samples/StarterContent/Content/StarterContent/Textures/T_Wood_Floor_Walnut_N.uasset" to "../../../../../../Users/Christopher/Documents/Unreal Projects/Lab1/Content/StarterContent/Textures/T_Wood_Floor_Walnut_N.uasset"
[2015.09.16-13.17.57:729][  0]LogPackFactory: Copied "../../../Samples/StarterContent/Content/StarterContent/Textures/T_Wood_Oak_D.uasset" to "../../../../../../Users/Christopher/Documents/Unreal Projects/Lab1/Content/StarterContent/Textures/T_Wood_Oak_D.uasset"
[2015.09.16-13.17.57:748][  0]LogPackFactory: Copied "../../../Samples/StarterContent/Content/StarterContent/Textures/T_Wood_Oak_N.uasset" to "../../../../../../Users/Christopher/Documents/Unreal Projects/Lab1/Content/StarterContent/Textures/T_Wood_Oak_N.uasset"
[2015.09.16-13.17.57:772][  0]LogPackFactory: Copied "../../../Samples/StarterContent/Content/StarterContent/Textures/T_Wood_Pine_D.uasset" to "../../../../../../Users/Christopher/Documents/Unreal Projects/Lab1/Content/StarterContent/Textures/T_Wood_Pine_D.uasset"
[2015.09.16-13.17.57:787][  0]LogPackFactory: Copied "../../../Samples/StarterContent/Content/StarterContent/Textures/T_Wood_Pine_N.uasset" to "../../../../../../Users/Christopher/Documents/Unreal Projects/Lab1/Content/StarterContent/Textures/T_Wood_Pine_N.uasset"
[2015.09.16-13.17.57:807][  0]LogPackFactory: Copied "../../../Samples/StarterContent/Content/StarterContent/Textures/T_Wood_Walnut_D.uasset" to "../../../../../../Users/Christopher/Documents/Unreal Projects/Lab1/Content/StarterContent/Textures/T_Wood_Walnut_D.uasset"
[2015.09.16-13.17.57:822][  0]LogPackFactory: Copied "../../../Samples/StarterContent/Content/StarterContent/Textures/T_Wood_Walnut_N.uasset" to "../../../../../../Users/Christopher/Documents/Unreal Projects/Lab1/Content/StarterContent/Textures/T_Wood_Walnut_N.uasset"
[2015.09.16-13.17.58:021][  0]LogRenderer: Reallocating scene render targets to support 256x256 (Frame:2).
[2015.09.16-13.17.58:305][  0]LogSavePackage: Save=112.991531ms
[2015.09.16-13.17.58:305][  0]LogSavePackage: Moving '../../../../../../Users/Christopher/Documents/Unreal Projects/Lab1/Saved/Floor_400x4006635271E470695E27FA5A9B0D3174D10.tmp' to '../../../../../../Users/Christopher/Documents/Unreal Projects/Lab1/Content/StarterContent/Architecture/Floor_400x400.uasset'
[2015.09.16-13.17.58:601][  0]LogSavePackage: Total save time: 481.183324ms
[2015.09.16-13.17.58:601][  0]LogSavePackage:Warning: Finished SavePackage ../../../../../../Users/Christopher/Documents/Unreal Projects/Lab1/Content/StarterContent/Architecture/Floor_400x400.uasset
[2015.09.16-13.17.58:601][  0]LogFeaturePack:Warning: Inserted 1 feature packs
[2015.09.16-13.17.58:607][  0]Cmd: MAP LOAD FILE="../../../../../../Users/Christopher/Documents/Unreal Projects/Lab1/Content/FirstPersonBP/Maps/FirstPersonExampleMap.umap" TEMPLATE=0 SHOWPROGRESS=1 FEATURELEVEL=3
[2015.09.16-13.17.58:608][  0]LightingResults: New page: Lighting Build
[2015.09.16-13.17.58:617][  0]MapCheck: New page: Map Check
[2015.09.16-13.17.58:617][  0]LightingResults: New page: Lighting Build
[2015.09.16-13.17.58:641][  0]LogParticles: Destroying 0 GPU particle simulations for FXSystem 0x0000000022E7BCE0
[2015.09.16-13.18.00:842][  0]LogLinker:Warning: Asset '../../../../../../Users/Christopher/Documents/Unreal Projects/Lab1/Content/FirstPersonBP/Blueprints/FirstPersonProjectile.uasset' has been saved with empty engine version. The asset will be loaded but may be incompatible.
[2015.09.16-13.18.00:849][  0]LogLinker:Warning: Asset '../../../../../../Users/Christopher/Documents/Unreal Projects/Lab1/Content/FirstPerson/Meshes/FirstPersonProjectileMesh.uasset' has been saved with empty engine version. The asset will be loaded but may be incompatible.
[2015.09.16-13.18.10:603][  0]LogTexture:Display: Building textures: HQ_Lightmap1_1 (AutoDXT)
[2015.09.16-13.18.12:112][  0]LogTexture:Display: Building textures: HQ_Lightmap1_2 (AutoDXT)
[2015.09.16-13.18.13:245][  0]LogTexture:Display: Building textures: HQ_Lightmap1_3 (AutoDXT)
[2015.09.16-13.18.14:464][  0]LogTexture:Display: Building textures: HQ_Lightmap1_4 (AutoDXT)
[2015.09.16-13.18.15:543][  0]LogTexture:Display: Building textures: HQ_Lightmap1_5 (AutoDXT)
[2015.09.16-13.18.17:527][  0]LogTexture:Display: Building textures: HQ_Lightmap1_6 (AutoDXT)
[2015.09.16-13.18.19:463][  0]LogTexture:Display: Building textures: HQ_Lightmap1_7 (AutoDXT)
[2015.09.16-13.18.20:519][  0]LogTexture:Display: Building textures: HQ_Lightmap1_8 (AutoDXT)
[2015.09.16-13.18.20:602][  0]LogTexture:Display: Building textures: LQ_Lightmap_1_1 (DXT1)
[2015.09.16-13.18.21:162][  0]LogTexture:Display: Building textures: LQ_Lightmap_1_2 (DXT1)
[2015.09.16-13.18.21:737][  0]LogTexture:Display: Building textures: LQ_Lightmap_1_3 (DXT1)
[2015.09.16-13.18.22:310][  0]LogTexture:Display: Building textures: LQ_Lightmap_1_4 (DXT1)
[2015.09.16-13.18.23:009][  0]LogTexture:Display: Building textures: LQ_Lightmap_1_5 (DXT1)
[2015.09.16-13.18.23:767][  0]LogTexture:Display: Building textures: LQ_Lightmap_1_6 (DXT1)
[2015.09.16-13.18.24:455][  0]LogTexture:Display: Building textures: LQ_Lightmap_1_7 (DXT1)
[2015.09.16-13.18.25:037][  0]LogTexture:Display: Building textures: LQ_Lightmap_1_8 (DXT1)
[2015.09.16-13.18.25:048][  0]LogTexture:Display: Building textures: SkyOcclusion0_8 (AutoDXT)
[2015.09.16-13.18.25:100][  0]LogTexture:Display: Building textures: SkyOcclusion1_1 (AutoDXT)
[2015.09.16-13.18.25:558][  0]LogTexture:Display: Building textures: SkyOcclusion1_2 (AutoDXT)
[2015.09.16-13.18.26:013][  0]LogTexture:Display: Building textures: SkyOcclusion1_3 (AutoDXT)
[2015.09.16-13.18.26:471][  0]LogTexture:Display: Building textures: SkyOcclusion1_4 (AutoDXT)
[2015.09.16-13.18.27:077][  0]LogTexture:Display: Building textures: SkyOcclusion1_5 (AutoDXT)
[2015.09.16-13.18.27:746][  0]LogTexture:Display: Building textures: SkyOcclusion1_6 (AutoDXT)
[2015.09.16-13.18.28:404][  0]LogTexture:Display: Building textures: SkyOcclusion1_7 (AutoDXT)
[2015.09.16-13.18.29:038][  0]LogTexture:Display: Building textures: ShadowMapTexture2D_10 (G8)
[2015.09.16-13.18.29:244][  0]LogTexture:Display: Building textures: ShadowMapTexture2D_11 (G8)
[2015.09.16-13.18.29:454][  0]LogTexture:Display: Building textures: ShadowMapTexture2D_12 (G8)
[2015.09.16-13.18.29:663][  0]LogTexture:Display: Building textures: ShadowMapTexture2D_13 (G8)
[2015.09.16-13.18.29:872][  0]LogTexture:Display: Building textures: ShadowMapTexture2D_14 (G8)
[2015.09.16-13.18.30:064][  0]LogTexture:Display: Building textures: ShadowMapTexture2D_15 (G8)
[2015.09.16-13.18.30:081][  0]LogTexture:Display: Building textures: ShadowMapTexture2D_7 (G8)
[2015.09.16-13.18.30:289][  0]LogTexture:Display: Building textures: ShadowMapTexture2D_9 (G8)
[2015.09.16-13.18.30:514][  0]LogAIModule: Creating AISystem for world FirstPersonExampleMap
[2015.09.16-13.18.31:055][  0]LogEditorServer: Finished looking for orphan Actors (0.000 secs)
[2015.09.16-13.18.31:055][  0]Cmd: MAP CHECKDEP NOCLEARLOG
[2015.09.16-13.18.31:344][  0]MapCheck: Info Map check complete: 0 Error(s), 0 Warning(s), took 287.812ms to complete.
[2015.09.16-13.18.31:344][  0]LogFileHelpers: Loading map 'FirstPersonExampleMap' took 32.737
[2015.09.16-13.18.31:594][  0]LogCollectionManager: Loaded 0 collections in 0.005265 seconds
[2015.09.16-13.18.31:673][  0]LogFileCache: Scanning file cache for directory 'C:/Users/Christopher/Documents/Unreal Projects/Lab1/Saved/Collections/' took 0.01s
[2015.09.16-13.18.31:673][  0]LogFileCache: Scanning file cache for directory 'C:/Users/Christopher/Documents/Unreal Projects/Lab1/Content/Developers/Christopher/Collections/' took 0.01s
[2015.09.16-13.18.31:673][  0]LogFileCache: Scanning file cache for directory 'C:/Users/Christopher/Documents/Unreal Projects/Lab1/Content/Collections/' took 0.01s
[2015.09.16-13.18.31:673][  0]LogContentBrowser: Native class hierarchy populated in 0.0209 seconds. Added 1867 classes and 333 folders.
[2015.09.16-13.18.31:688][  0]LogCollectionManager: Rebuilt the GUID cache for 0 collections in 0.000006 seconds
[2015.09.16-13.18.31:708][  0]LogContentBrowser: Native class hierarchy updated for 'WidgetCarousel' in 0.0010 seconds. Added 0 classes and 0 folders.
[2015.09.16-13.18.31:907][  0]LogContentBrowser: Native class hierarchy updated for 'AddContentDialog' in 0.0009 seconds. Added 0 classes and 0 folders.
[2015.09.16-13.18.31:918][  0]LogContentBrowser: Native class hierarchy updated for 'SceneOutliner' in 0.0009 seconds. Added 1 classes and 2 folders.
[2015.09.16-13.18.31:992][  0]LogCrashTracker: Crashtracker disabled due to settings.
[2015.09.16-13.18.32:069][  0]LogLoad: Full Startup: 57.31 seconds (BP compile: 0.81 seconds)
[2015.09.16-13.18.32:081][  0]LoadErrors:Error: Error /Game/FirstPersonBP/Maps/FirstPersonExampleMap : Failed import for SkeletalMeshComponent /Game/FirstPersonBP/Blueprints/FirstPersonCharacter.FirstPersonCharacter_C:SkeletalMesh_GEN_VARIABLE
[2015.09.16-13.18.33:124][  0]LogContentStreaming: Texture pool size now 1000 MB
[2015.09.16-13.18.33:386][  0]LogRenderer: Reallocating scene render targets to support 1208x580 (Frame:3).
[2015.09.16-13.18.34:266][ 10]LogAssetRegistry: Asset discovery search completed in 46.7830 seconds
[2015.09.16-13.18.34:266][ 10]LogCollectionManager: Rebuilt the object cache for 0 collections in 0.000002 seconds (found 0 objects)
[2015.09.16-13.18.34:266][ 10]LogCollectionManager: Fixed up redirectors for 0 collections in 0.000046 seconds (updated 0 objects)
[2015.09.16-13.21.17:623][674]LogPlayLevel: PlayLevel: No blueprints needed recompiling
[2015.09.16-13.21.17:624][674]PIE: New page: PIE session: FirstPersonExampleMap (Sep 16, 2015, 5:21:17 AM)
[2015.09.16-13.21.17:624][674]LogPlayLevel: Creating play world package: /Game/FirstPersonBP/Maps/UEDPIE_0_FirstPersonExampleMap
[2015.09.16-13.21.17:694][674]LogPlayLevel: PIE: StaticDuplicateObject took: (0.070107s)
[2015.09.16-13.21.17:696][674]LogAIModule: Creating AISystem for world FirstPersonExampleMap
[2015.09.16-13.21.17:697][674]LogPlayLevel: PIE: World Init took: (0.002592s)
[2015.09.16-13.21.17:697][674]LogPlayLevel: PIE: Created PIE world by copying editor world from /Game/FirstPersonBP/Maps/FirstPersonExampleMap.FirstPersonExampleMap to /Game/FirstPersonBP/Maps/UEDPIE_0_FirstPersonExampleMap.FirstPersonExampleMap (0.073310s)
[2015.09.16-13.21.17:760][674]LogInit: XAudio2 using 'Speakers (High Definition Audio Device)' : 2 channels at 44.1 kHz using 16 bits per sample (channel mask 0x3)
[2015.09.16-13.21.17:790][674]LogInit: FAudioDevice initialized.
[2015.09.16-13.21.17:953][674]LogLinker:Warning: Asset '../../../../../../Users/Christopher/Documents/Unreal Projects/Lab1/Content/FirstPersonBP/Blueprints/FirstPersonHUD.uasset' has been saved with empty engine version. The asset will be loaded but may be incompatible.
[2015.09.16-13.21.18:084][674]LogWorld: Game class is 'FirstPersonGameMode_C'
[2015.09.16-13.21.18:122][674]LogWorld: Bringing World /Game/FirstPersonBP/Maps/UEDPIE_0_FirstPersonExampleMap.FirstPersonExampleMap up for play (max tick rate 0) at 2015.09.16-09.21.18
[2015.09.16-13.21.18:122][674]LogActor:Warning: GameSession /Game/FirstPersonBP/Maps/UEDPIE_0_FirstPersonExampleMap.FirstPersonExampleMap:PersistentLevel.GameSession_0 has natively added scene component(s), but none of them were set as the actor's RootComponent - picking one arbitrarily
[2015.09.16-13.21.18:123][674]LogActor:Warning: GameNetworkManager /Game/FirstPersonBP/Maps/UEDPIE_0_FirstPersonExampleMap.FirstPersonExampleMap:PersistentLevel.GameNetworkManager_0 has natively added scene component(s), but none of them were set as the actor's RootComponent - picking one arbitrarily
[2015.09.16-13.21.18:177][674]LogWorld: Bringing up level for play took: 0.088217
[2015.09.16-13.21.18:349][674]PIE: Info Play in editor start time for /Game/FirstPersonBP/Maps/UEDPIE_0_FirstPersonExampleMap 1.101
[2015.09.16-13.21.29:885][262]LogParticles: Destroying 0 GPU particle simulations for FXSystem 0x00000000328237E0
[2015.09.16-13.21.48:106][ 60]LogEditorViewport: Clicking on Actor (LMB): LightmassImportanceVolume (LightmassImportanceVolume)
[2015.09.16-13.21.49:369][112]LogEditorViewport: Clicking on Actor (LMB): LightmassImportanceVolume (LightmassImportanceVolume)
[2015.09.16-13.22.04:170][801]LogEditorViewport: Clicking on Actor (LMB): StaticMeshActor (EditorCube20)
[2015.09.16-13.22.10:284][994]Cmd: MAP LOAD FILE="../../../Engine/Content/Maps/Templates/Template_Default.umap" TEMPLATE=1 SHOWPROGRESS=1 FEATURELEVEL=3
[2015.09.16-13.22.10:405][994]LightingResults: New page: Lighting Build
[2015.09.16-13.22.10:465][994]LoadErrors: New page: Loading map: Template_Default.umap
[2015.09.16-13.22.10:468][994]MapCheck: New page: Map Check
[2015.09.16-13.22.10:468][994]LightingResults: New page: Lighting Build
[2015.09.16-13.22.10:494][994]LogParticles: Destroying 0 GPU particle simulations for FXSystem 0x0000000023DD7560
[2015.09.16-13.22.10:699][994]LogAIModule: Creating AISystem for world Untitled_1
[2015.09.16-13.22.10:727][994]LogEditorServer: Finished looking for orphan Actors (0.000 secs)
[2015.09.16-13.22.10:754][994]Cmd: MAP CHECKDEP NOCLEARLOG
[2015.09.16-13.22.11:070][994]MapCheck: Info Map check complete: 0 Error(s), 0 Warning(s), took 316.056ms to complete.
[2015.09.16-13.22.11:070][994]LogFileHelpers: Loading map 'Template_Default' took 0.788
[2015.09.16-13.22.23:441][603]LogPlayLevel: PlayLevel: No blueprints needed recompiling
[2015.09.16-13.22.23:442][603]PIE: New page: PIE session: Untitled_1 (Sep 16, 2015, 5:22:23 AM)
[2015.09.16-13.22.23:442][603]LogPlayLevel: Creating play world package: /Temp/UEDPIE_0_Untitled_1
[2015.09.16-13.22.23:446][603]LogPlayLevel: PIE: StaticDuplicateObject took: (0.003756s)
[2015.09.16-13.22.23:447][603]LogAIModule: Creating AISystem for world Untitled_1
[2015.09.16-13.22.23:447][603]LogPlayLevel: PIE: World Init took: (0.001557s)
[2015.09.16-13.22.23:448][603]LogPlayLevel: PIE: Created PIE world by copying editor world from /Temp/Untitled_1.Untitled_1 to /Temp/UEDPIE_0_Untitled_1.Untitled_1 (0.005693s)
[2015.09.16-13.22.23:484][603]LogInit: XAudio2 using 'Speakers (High Definition Audio Device)' : 2 channels at 44.1 kHz using 16 bits per sample (channel mask 0x3)
[2015.09.16-13.22.23:508][603]LogInit: FAudioDevice initialized.
[2015.09.16-13.22.23:557][603]LogWorld: Game class is 'FirstPersonGameMode_C'
[2015.09.16-13.22.23:569][603]LogWorld: Bringing World /Temp/UEDPIE_0_Untitled_1.Untitled_1 up for play (max tick rate 0) at 2015.09.16-09.22.23
[2015.09.16-13.22.23:569][603]LogActor:Warning: GameSession /Temp/UEDPIE_0_Untitled_1.Untitled_1:PersistentLevel.GameSession_1 has natively added scene component(s), but none of them were set as the actor's RootComponent - picking one arbitrarily
[2015.09.16-13.22.23:570][603]LogActor:Warning: GameNetworkManager /Temp/UEDPIE_0_Untitled_1.Untitled_1:PersistentLevel.GameNetworkManager_1 has natively added scene component(s), but none of them were set as the actor's RootComponent - picking one arbitrarily
[2015.09.16-13.22.23:571][603]LogWorld: Bringing up level for play took: 0.010598
[2015.09.16-13.22.23:656][603]PIE: Info Play in editor start time for /Temp/UEDPIE_0_Untitled_1 0.407
[2015.09.16-13.22.28:306][860]LogParticles: Destroying 0 GPU particle simulations for FXSystem 0x00000000115407C0
[2015.09.16-13.22.36:258][238]LogActorFactory: Actor Factory created Cube
[2015.09.16-13.22.37:853][303]LogActorFactory: Actor Factory created Cube
[2015.09.16-13.22.47:195][764]LogEditorViewport: Clicking on Actor (LMB): StaticMeshActor (Cube)
[2015.09.16-13.23.34:918][762]Cmd: CAMERA ALIGN ACTIVEVIEWPORTONLY
[2015.09.16-13.23.35:082][769]Cmd: CAMERA ALIGN ACTIVEVIEWPORTONLY
[2015.09.16-13.23.35:211][776]Cmd: CAMERA ALIGN ACTIVEVIEWPORTONLY
[2015.09.16-13.24.32:109][968]LogEditorViewport: Clicking on Actor (LMB): StaticMeshActor (Cube)
[2015.09.16-13.25.40:217][173]Cmd: DUPLICATE
[2015.09.16-13.25.40:217][173]Cmd: ACTOR DUPLICATE
[2015.09.16-13.25.41:190][175]LogEditorViewport: Clicking on Actor (LMB): StaticMeshActor (Cube)
[2015.09.16-13.25.46:197][312]LogEditorViewport: Clicking on Actor (LMB): StaticMeshActor (Floor)
[2015.09.16-13.25.52:110][401]Cmd: TRANSACTION UNDO
[2015.09.16-13.25.52:110][401]LogEditorTransaction: Undo Scale Actors
[2015.09.16-13.26.46:657][284]LogEditorViewport: Clicking on Actor (LMB): StaticMeshActor (Floor)
[2015.09.16-13.26.48:103][317]LogEditorViewport: Clicking on Actor (LMB): StaticMeshA